{"total": {"lines":{"total":63420,"covered":51007,"skipped":0,"pct":80.43},"statements":{"total":87624,"covered":52163,"skipped":0,"pct":59.53},"functions":{"total":19358,"covered":11048,"skipped":0,"pct":57.07},"branches":{"total":124038,"covered":71327,"skipped":0,"pct":57.5}}
,"/harness/src/stringTypes.ts": {"lines":{"total":0,"covered":0,"skipped":0,"pct":0},"functions":{"total":0,"covered":0,"skipped":0,"pct":0},"statements":{"total":0,"covered":0,"skipped":0,"pct":0},"branches":{"total":0,"covered":0,"skipped":0,"pct":0}}
,"/harness/src/framework/exports.ts": {"lines":{"total":0,"covered":0,"skipped":0,"pct":0},"functions":{"total":0,"covered":0,"skipped":0,"pct":0},"statements":{"total":0,"covered":0,"skipped":0,"pct":0},"branches":{"total":0,"covered":0,"skipped":0,"pct":0}}
,"/harness/src/framework/AppStore/AppStoreContext.tsx": {"lines":{"total":45,"covered":40,"skipped":0,"pct":88.89},"functions":{"total":24,"covered":23,"skipped":0,"pct":95.83},"statements":{"total":54,"covered":49,"skipped":0,"pct":90.74},"branches":{"total":117,"covered":99,"skipped":0,"pct":84.62}}
,"/harness/src/framework/GitRepoStore/GitSyncStoreContext.tsx": {"lines":{"total":22,"covered":22,"skipped":0,"pct":100},"functions":{"total":11,"covered":8,"skipped":0,"pct":72.73},"statements":{"total":33,"covered":26,"skipped":0,"pct":78.79},"branches":{"total":18,"covered":16,"skipped":0,"pct":88.89}}
,"/harness/src/framework/LicenseStore/LicenseStoreContext.tsx": {"lines":{"total":93,"covered":88,"skipped":0,"pct":94.62},"functions":{"total":22,"covered":17,"skipped":0,"pct":77.27},"statements":{"total":119,"covered":93,"skipped":0,"pct":78.15},"branches":{"total":155,"covered":121,"skipped":0,"pct":78.06}}
,"/harness/src/framework/LicenseStore/licenseStoreUtil.tsx": {"lines":{"total":5,"covered":5,"skipped":0,"pct":100},"functions":{"total":1,"covered":1,"skipped":0,"pct":100},"statements":{"total":5,"covered":5,"skipped":0,"pct":100},"branches":{"total":2,"covered":2,"skipped":0,"pct":100}}
,"/harness/src/framework/LicenseStore/useCommunity.tsx": {"lines":{"total":2,"covered":2,"skipped":0,"pct":100},"functions":{"total":1,"covered":1,"skipped":0,"pct":100},"statements":{"total":5,"covered":2,"skipped":0,"pct":40},"branches":{"total":8,"covered":7,"skipped":0,"pct":87.5}}
,"/harness/src/framework/Templates/templates.ts": {"lines":{"total":3,"covered":3,"skipped":0,"pct":100},"functions":{"total":0,"covered":0,"skipped":0,"pct":100},"statements":{"total":3,"covered":3,"skipped":0,"pct":100},"branches":{"total":0,"covered":0,"skipped":0,"pct":100}}
,"/harness/src/framework/Templates/TemplateConfigModal/TemplateConfigModal.tsx": {"lines":{"total":58,"covered":54,"skipped":0,"pct":93.1},"functions":{"total":12,"covered":11,"skipped":0,"pct":91.67},"statements":{"total":78,"covered":54,"skipped":0,"pct":69.23},"branches":{"total":69,"covered":49,"skipped":0,"pct":71.01}}
,"/harness/src/framework/app/App.tsx": {"lines":{"total":46,"covered":38,"skipped":0,"pct":82.61},"functions":{"total":13,"covered":10,"skipped":0,"pct":76.92},"statements":{"total":48,"covered":38,"skipped":0,"pct":79.17},"branches":{"total":26,"covered":17,"skipped":0,"pct":65.38}}
,"/harness/src/framework/app/bootstrap.tsx": {"lines":{"total":11,"covered":7,"skipped":0,"pct":63.64},"functions":{"total":2,"covered":1,"skipped":0,"pct":50},"statements":{"total":18,"covered":7,"skipped":0,"pct":38.89},"branches":{"total":14,"covered":2,"skipped":0,"pct":14.29}}
,"/harness/src/framework/app/index.tsx": {"lines":{"total":1,"covered":1,"skipped":0,"pct":100},"functions":{"total":1,"covered":0,"skipped":0,"pct":0},"statements":{"total":1,"covered":1,"skipped":0,"pct":100},"branches":{"total":0,"covered":0,"skipped":0,"pct":100}}
,"/harness/src/framework/featureStore/FeatureDescriptor.tsx": {"lines":{"total":2,"covered":2,"skipped":0,"pct":100},"functions":{"total":0,"covered":0,"skipped":0,"pct":100},"statements":{"total":4,"covered":2,"skipped":0,"pct":50},"branches":{"total":0,"covered":0,"skipped":0,"pct":100}}
,"/harness/src/framework/featureStore/FeatureIdentifier.ts": {"lines":{"total":46,"covered":46,"skipped":0,"pct":100},"functions":{"total":1,"covered":1,"skipped":0,"pct":100},"statements":{"total":46,"covered":46,"skipped":0,"pct":100},"branches":{"total":2,"covered":2,"skipped":0,"pct":100}}
,"/harness/src/framework/featureStore/FeaturesContext.tsx": {"lines":{"total":131,"covered":118,"skipped":0,"pct":90.08},"functions":{"total":30,"covered":24,"skipped":0,"pct":80},"statements":{"total":145,"covered":121,"skipped":0,"pct":83.45},"branches":{"total":232,"covered":165,"skipped":0,"pct":71.12}}
,"/harness/src/framework/featureStore/FeaturesFactory.ts": {"lines":{"total":7,"covered":5,"skipped":0,"pct":71.43},"functions":{"total":6,"covered":4,"skipped":0,"pct":66.67},"statements":{"total":8,"covered":5,"skipped":0,"pct":62.5},"branches":{"total":0,"covered":0,"skipped":0,"pct":100}}
,"/harness/src/framework/featureStore/featureStoreUtil.tsx": {"lines":{"total":0,"covered":0,"skipped":0,"pct":0},"functions":{"total":0,"covered":0,"skipped":0,"pct":0},"statements":{"total":0,"covered":0,"skipped":0,"pct":0},"branches":{"total":0,"covered":0,"skipped":0,"pct":0}}
,"/harness/src/framework/logging/logging.ts": {"lines":{"total":17,"covered":13,"skipped":0,"pct":76.47},"functions":{"total":3,"covered":3,"skipped":0,"pct":100},"statements":{"total":19,"covered":14,"skipped":0,"pct":73.68},"branches":{"total":25,"covered":15,"skipped":0,"pct":60}}
,"/harness/src/framework/rbac/PermissionsContext.tsx": {"lines":{"total":39,"covered":39,"skipped":0,"pct":100},"functions":{"total":16,"covered":13,"skipped":0,"pct":81.25},"statements":{"total":52,"covered":44,"skipped":0,"pct":84.62},"branches":{"total":39,"covered":33,"skipped":0,"pct":84.62}}
,"/harness/src/framework/strings/String.tsx": {"lines":{"total":17,"covered":17,"skipped":0,"pct":100},"functions":{"total":3,"covered":3,"skipped":0,"pct":100},"statements":{"total":23,"covered":17,"skipped":0,"pct":73.91},"branches":{"total":9,"covered":8,"skipped":0,"pct":88.89}}
,"/harness/src/framework/strings/StringsContext.tsx": {"lines":{"total":2,"covered":2,"skipped":0,"pct":100},"functions":{"total":1,"covered":1,"skipped":0,"pct":100},"statements":{"total":4,"covered":2,"skipped":0,"pct":50},"branches":{"total":0,"covered":0,"skipped":0,"pct":100}}
,"/harness/src/framework/strings/StringsContextProvider.tsx": {"lines":{"total":1,"covered":1,"skipped":0,"pct":100},"functions":{"total":1,"covered":1,"skipped":0,"pct":100},"statements":{"total":5,"covered":1,"skipped":0,"pct":20},"branches":{"total":0,"covered":0,"skipped":0,"pct":100}}
,"/harness/src/framework/strings/index.ts": {"lines":{"total":2,"covered":2,"skipped":0,"pct":100},"functions":{"total":4,"covered":4,"skipped":0,"pct":100},"statements":{"total":6,"covered":6,"skipped":0,"pct":100},"branches":{"total":0,"covered":0,"skipped":0,"pct":100}}
,"/harness/src/framework/strings/languageLoader.ts": {"lines":{"total":1,"covered":1,"skipped":0,"pct":100},"functions":{"total":1,"covered":1,"skipped":0,"pct":100},"statements":{"total":1,"covered":1,"skipped":0,"pct":100},"branches":{"total":0,"covered":0,"skipped":0,"pct":100}}
,"/harness/src/framework/tooltip/TooltipEditor.tsx": {"lines":{"total":5,"covered":5,"skipped":0,"pct":100},"functions":{"total":1,"covered":1,"skipped":0,"pct":100},"statements":{"total":9,"covered":5,"skipped":0,"pct":55.56},"branches":{"total":2,"covered":2,"skipped":0,"pct":100}}
,"/harness/src/framework/types/ModuleName.ts": {"lines":{"total":10,"covered":10,"skipped":0,"pct":100},"functions":{"total":1,"covered":1,"skipped":0,"pct":100},"statements":{"total":10,"covered":10,"skipped":0,"pct":100},"branches":{"total":2,"covered":2,"skipped":0,"pct":100}}
,"/harness/src/framework/types/SidebarIdentifider.ts": {"lines":{"total":0,"covered":0,"skipped":0,"pct":0},"functions":{"total":1,"covered":0,"skipped":0,"pct":0},"statements":{"total":10,"covered":0,"skipped":0,"pct":0},"branches":{"total":2,"covered":0,"skipped":0,"pct":0}}
,"/harness/src/framework/utils/AppStorage.ts": {"lines":{"total":76,"covered":67,"skipped":0,"pct":88.16},"functions":{"total":14,"covered":10,"skipped":0,"pct":71.43},"statements":{"total":80,"covered":69,"skipped":0,"pct":86.25},"branches":{"total":28,"covered":17,"skipped":0,"pct":60.71}}
,"/harness/src/framework/utils/SessionToken.ts": {"lines":{"total":5,"covered":5,"skipped":0,"pct":100},"functions":{"total":5,"covered":4,"skipped":0,"pct":80},"statements":{"total":7,"covered":5,"skipped":0,"pct":71.43},"branches":{"total":0,"covered":0,"skipped":0,"pct":100}}
,"/harness/src/framework/utils/SessionUtils.ts": {"lines":{"total":5,"covered":5,"skipped":0,"pct":100},"functions":{"total":2,"covered":2,"skipped":0,"pct":100},"statements":{"total":7,"covered":5,"skipped":0,"pct":71.43},"branches":{"total":6,"covered":5,"skipped":0,"pct":83.33}}
,"/harness/src/framework/utils/mockImport.ts": {"lines":{"total":0,"covered":0,"skipped":0,"pct":0},"functions":{"total":0,"covered":0,"skipped":0,"pct":0},"statements":{"total":0,"covered":0,"skipped":0,"pct":0},"branches":{"total":0,"covered":0,"skipped":0,"pct":0}}
,"/harness/src/framework/utils/testUtils.ts": {"lines":{"total":0,"covered":0,"skipped":0,"pct":0},"functions":{"total":0,"covered":0,"skipped":0,"pct":0},"statements":{"total":1,"covered":0,"skipped":0,"pct":0},"branches":{"total":0,"covered":0,"skipped":0,"pct":0}}
,"/harness/src/framework/utils/AppErrorBoundary/AppErrorBoundary.tsx": {"lines":{"total":11,"covered":11,"skipped":0,"pct":100},"functions":{"total":4,"covered":3,"skipped":0,"pct":75},"statements":{"total":15,"covered":11,"skipped":0,"pct":73.33},"branches":{"total":22,"covered":18,"skipped":0,"pct":81.82}}
,"/harness/src/microfrontends/ChildAppError.tsx": {"lines":{"total":0,"covered":0,"skipped":0,"pct":0},"functions":{"total":1,"covered":0,"skipped":0,"pct":0},"statements":{"total":5,"covered":0,"skipped":0,"pct":0},"branches":{"total":2,"covered":0,"skipped":0,"pct":0}}
,"/harness/src/microfrontends/ChildAppMounter.tsx": {"lines":{"total":0,"covered":0,"skipped":0,"pct":0},"functions":{"total":3,"covered":0,"skipped":0,"pct":0},"statements":{"total":28,"covered":0,"skipped":0,"pct":0},"branches":{"total":2,"covered":0,"skipped":0,"pct":0}}
,"/harness/src/microfrontends/index.ts": {"lines":{"total":0,"covered":0,"skipped":0,"pct":0},"functions":{"total":2,"covered":0,"skipped":0,"pct":0},"statements":{"total":4,"covered":0,"skipped":0,"pct":0},"branches":{"total":0,"covered":0,"skipped":0,"pct":0}}
,"/harness/src/modules/RouteDestinations.tsx": {"lines":{"total":6,"covered":6,"skipped":0,"pct":100},"functions":{"total":1,"covered":1,"skipped":0,"pct":100},"statements":{"total":6,"covered":6,"skipped":0,"pct":100},"branches":{"total":10,"covered":6,"skipped":0,"pct":60}}
,"/harness/src/modules/RouteDestinationsWithoutAuth.tsx": {"lines":{"total":9,"covered":3,"skipped":0,"pct":33.33},"functions":{"total":2,"covered":1,"skipped":0,"pct":50},"statements":{"total":20,"covered":3,"skipped":0,"pct":15},"branches":{"total":6,"covered":2,"skipped":0,"pct":33.33}}
,"/harness/src/modules/10-common/RouteDefinitions.ts": {"lines":{"total":261,"covered":160,"skipped":0,"pct":61.3},"functions":{"total":188,"covered":101,"skipped":0,"pct":53.72},"statements":{"total":261,"covered":160,"skipped":0,"pct":61.3},"branches":{"total":67,"covered":30,"skipped":0,"pct":44.78}}
,"/harness/src/modules/10-common/RouteDestinations.tsx": {"lines":{"total":6,"covered":6,"skipped":0,"pct":100},"functions":{"total":2,"covered":2,"skipped":0,"pct":100},"statements":{"total":7,"covered":7,"skipped":0,"pct":100},"branches":{"total":2,"covered":2,"skipped":0,"pct":100}}
,"/harness/src/modules/10-common/exports.ts": {"lines":{"total":14,"covered":14,"skipped":0,"pct":100},"functions":{"total":12,"covered":9,"skipped":0,"pct":75},"statements":{"total":27,"covered":27,"skipped":0,"pct":100},"branches":{"total":0,"covered":0,"skipped":0,"pct":100}}
,"/harness/src/modules/10-common/featureFlags.ts": {"lines":{"total":36,"covered":36,"skipped":0,"pct":100},"functions":{"total":1,"covered":1,"skipped":0,"pct":100},"statements":{"total":36,"covered":36,"skipped":0,"pct":100},"branches":{"total":2,"covered":2,"skipped":0,"pct":100}}
,"/harness/src/modules/10-common/components/index.ts": {"lines":{"total":68,"covered":68,"skipped":0,"pct":100},"functions":{"total":28,"covered":17,"skipped":0,"pct":60.71},"statements":{"total":68,"covered":68,"skipped":0,"pct":100},"branches":{"total":0,"covered":0,"skipped":0,"pct":100}}
,"/harness/src/modules/10-common/components/AccountSideNav/AccountSideNav.tsx": {"lines":{"total":7,"covered":7,"skipped":0,"pct":100},"functions":{"total":2,"covered":1,"skipped":0,"pct":50},"statements":{"total":19,"covered":8,"skipped":0,"pct":42.11},"branches":{"total":15,"covered":13,"skipped":0,"pct":86.67}}
,"/harness/src/modules/10-common/components/ActivityStack/ActivityStack.tsx": {"lines":{"total":0,"covered":0,"skipped":0,"pct":0},"functions":{"total":2,"covered":0,"skipped":0,"pct":0},"statements":{"total":8,"covered":0,"skipped":0,"pct":0},"branches":{"total":2,"covered":2,"skipped":0,"pct":0}}
,"/harness/src/modules/10-common/components/AddDescriptionAndTags/AddDescriptionAndTags.i18n.ts": {"lines":{"total":1,"covered":1,"skipped":0,"pct":100},"functions":{"total":0,"covered":0,"skipped":0,"pct":100},"statements":{"total":1,"covered":1,"skipped":0,"pct":100},"branches":{"total":0,"covered":0,"skipped":0,"pct":100}}
,"/harness/src/modules/10-common/components/AddDescriptionAndTags/AddDescriptionAndTags.tsx": {"lines":{"total":45,"covered":35,"skipped":0,"pct":77.78},"functions":{"total":23,"covered":16,"skipped":0,"pct":69.57},"statements":{"total":58,"covered":36,"skipped":0,"pct":62.07},"branches":{"total":98,"covered":59,"skipped":0,"pct":60.2}}
,"/harness/src/modules/10-common/components/AddDrawer/AddDrawer.tsx": {"lines":{"total":83,"covered":69,"skipped":0,"pct":83.13},"functions":{"total":25,"covered":16,"skipped":0,"pct":64},"statements":{"total":96,"covered":71,"skipped":0,"pct":73.96},"branches":{"total":180,"covered":106,"skipped":0,"pct":58.89}}
,"/harness/src/modules/10-common/components/AddDrawer/readme.ts": {"lines":{"total":0,"covered":0,"skipped":0,"pct":0},"functions":{"total":0,"covered":0,"skipped":0,"pct":0},"statements":{"total":0,"covered":0,"skipped":0,"pct":0},"branches":{"total":0,"covered":0,"skipped":0,"pct":0}}
,"/harness/src/modules/10-common/components/AuthLayout/AuthLayout.tsx": {"lines":{"total":2,"covered":2,"skipped":0,"pct":100},"functions":{"total":1,"covered":1,"skipped":0,"pct":100},"statements":{"total":7,"covered":2,"skipped":0,"pct":28.57},"branches":{"total":0,"covered":0,"skipped":0,"pct":100}}
,"/harness/src/modules/10-common/components/AuthLayout/AuthFooter/AuthFooter.tsx": {"lines":{"total":9,"covered":9,"skipped":0,"pct":100},"functions":{"total":3,"covered":3,"skipped":0,"pct":100},"statements":{"total":15,"covered":9,"skipped":0,"pct":60},"branches":{"total":6,"covered":6,"skipped":0,"pct":100}}
,"/harness/src/modules/10-common/components/Banners/EmailVerificationBanner.tsx": {"lines":{"total":14,"covered":14,"skipped":0,"pct":100},"functions":{"total":2,"covered":2,"skipped":0,"pct":100},"statements":{"total":23,"covered":14,"skipped":0,"pct":60.87},"branches":{"total":10,"covered":9,"skipped":0,"pct":90}}
,"/harness/src/modules/10-common/components/Banners/TrialLicenseBanner.tsx": {"lines":{"total":52,"covered":42,"skipped":0,"pct":80.77},"functions":{"total":7,"covered":2,"skipped":0,"pct":28.57},"statements":{"total":68,"covered":42,"skipped":0,"pct":61.76},"branches":{"total":55,"covered":22,"skipped":0,"pct":40}}
,"/harness/src/modules/10-common/components/BranchSelector/BranchSelector.tsx": {"lines":{"total":0,"covered":0,"skipped":0,"pct":0},"functions":{"total":7,"covered":0,"skipped":0,"pct":0},"statements":{"total":23,"covered":0,"skipped":0,"pct":0},"branches":{"total":7,"covered":0,"skipped":0,"pct":0}}
,"/harness/src/modules/10-common/components/Breadcrumbs/Breadcrumbs.tsx": {"lines":{"total":3,"covered":3,"skipped":0,"pct":100},"functions":{"total":2,"covered":2,"skipped":0,"pct":100},"statements":{"total":9,"covered":3,"skipped":0,"pct":33.33},"branches":{"total":6,"covered":5,"skipped":0,"pct":83.33}}
,"/harness/src/modules/10-common/components/ComingSoonIcon/ComingSoonIcon.tsx": {"lines":{"total":1,"covered":1,"skipped":0,"pct":100},"functions":{"total":1,"covered":1,"skipped":0,"pct":100},"statements":{"total":5,"covered":1,"skipped":0,"pct":20},"branches":{"total":0,"covered":0,"skipped":0,"pct":100}}
,"/harness/src/modules/10-common/components/ConfigureOptions/ConfigureOptions.tsx": {"lines":{"total":87,"covered":82,"skipped":0,"pct":94.25},"functions":{"total":22,"covered":18,"skipped":0,"pct":81.82},"statements":{"total":98,"covered":82,"skipped":0,"pct":83.67},"branches":{"total":129,"covered":112,"skipped":0,"pct":86.82}}
,"/harness/src/modules/10-common/components/ConnectivityMode/ConnectivityMode.tsx": {"lines":{"total":9,"covered":9,"skipped":0,"pct":100},"functions":{"total":4,"covered":4,"skipped":0,"pct":100},"statements":{"total":16,"covered":9,"skipped":0,"pct":56.25},"branches":{"total":2,"covered":2,"skipped":0,"pct":100}}
,"/harness/src/modules/10-common/components/ConnectorStats/ConnectorStats.i18n.ts": {"lines":{"total":1,"covered":1,"skipped":0,"pct":100},"functions":{"total":0,"covered":0,"skipped":0,"pct":100},"statements":{"total":1,"covered":1,"skipped":0,"pct":100},"branches":{"total":0,"covered":0,"skipped":0,"pct":100}}
,"/harness/src/modules/10-common/components/ConnectorStats/ConnectorStats.tsx": {"lines":{"total":9,"covered":9,"skipped":0,"pct":100},"functions":{"total":3,"covered":3,"skipped":0,"pct":100},"statements":{"total":16,"covered":9,"skipped":0,"pct":56.25},"branches":{"total":18,"covered":18,"skipped":0,"pct":100}}
,"/harness/src/modules/10-common/components/ContainerSpinner/ContainerSpinner.tsx": {"lines":{"total":2,"covered":2,"skipped":0,"pct":100},"functions":{"total":1,"covered":1,"skipped":0,"pct":100},"statements":{"total":8,"covered":2,"skipped":0,"pct":25},"branches":{"total":0,"covered":0,"skipped":0,"pct":100}}
,"/harness/src/modules/10-common/components/CopyText/CopyText.stories.tsx": {"lines":{"total":0,"covered":0,"skipped":0,"pct":0},"functions":{"total":0,"covered":0,"skipped":0,"pct":0},"statements":{"total":0,"covered":0,"skipped":0,"pct":0},"branches":{"total":0,"covered":0,"skipped":0,"pct":0}}
,"/harness/src/modules/10-common/components/CopyText/CopyText.tsx": {"lines":{"total":7,"covered":7,"skipped":0,"pct":100},"functions":{"total":3,"covered":2,"skipped":0,"pct":66.67},"statements":{"total":14,"covered":7,"skipped":0,"pct":50},"branches":{"total":13,"covered":12,"skipped":0,"pct":92.31}}
,"/harness/src/modules/10-common/components/CopyToClipBoard/CopyToClipBoard.tsx": {"lines":{"total":11,"covered":11,"skipped":0,"pct":100},"functions":{"total":3,"covered":2,"skipped":0,"pct":66.67},"statements":{"total":18,"covered":11,"skipped":0,"pct":61.11},"branches":{"total":18,"covered":4,"skipped":0,"pct":22.22}}
,"/harness/src/modules/10-common/components/DelegateSelectionLogs/DelegateSelectionLogs.tsx": {"lines":{"total":10,"covered":10,"skipped":0,"pct":100},"functions":{"total":4,"covered":3,"skipped":0,"pct":75},"statements":{"total":19,"covered":10,"skipped":0,"pct":52.63},"branches":{"total":4,"covered":4,"skipped":0,"pct":100}}
,"/harness/src/modules/10-common/components/DelegateSelectionLogs/DelegateSelectionLogsTable.tsx": {"lines":{"total":13,"covered":13,"skipped":0,"pct":100},"functions":{"total":5,"covered":5,"skipped":0,"pct":100},"statements":{"total":20,"covered":13,"skipped":0,"pct":65},"branches":{"total":8,"covered":6,"skipped":0,"pct":75}}
,"/harness/src/modules/10-common/components/DelegateSelectionLogs/DelegateSelectionLogsTask.tsx": {"lines":{"total":10,"covered":10,"skipped":0,"pct":100},"functions":{"total":2,"covered":2,"skipped":0,"pct":100},"statements":{"total":18,"covered":10,"skipped":0,"pct":55.56},"branches":{"total":24,"covered":17,"skipped":0,"pct":70.83}}
,"/harness/src/modules/10-common/components/DelegateSelectors/DelegateSelectors.tsx": {"lines":{"total":44,"covered":40,"skipped":0,"pct":90.91},"functions":{"total":9,"covered":7,"skipped":0,"pct":77.78},"statements":{"total":55,"covered":41,"skipped":0,"pct":74.55},"branches":{"total":42,"covered":28,"skipped":0,"pct":66.67}}
,"/harness/src/modules/10-common/components/DescriptionPopover.tsx/DescriptionPopover.tsx": {"lines":{"total":4,"covered":4,"skipped":0,"pct":100},"functions":{"total":1,"covered":1,"skipped":0,"pct":100},"statements":{"total":10,"covered":4,"skipped":0,"pct":40},"branches":{"total":8,"covered":7,"skipped":0,"pct":87.5}}
,"/harness/src/modules/10-common/components/DetailPageCard/DetailPageCard.tsx": {"lines":{"total":15,"covered":15,"skipped":0,"pct":100},"functions":{"total":4,"covered":4,"skipped":0,"pct":100},"statements":{"total":21,"covered":15,"skipped":0,"pct":71.43},"branches":{"total":14,"covered":12,"skipped":0,"pct":85.71}}
,"/harness/src/modules/10-common/components/Duration/Duration.tsx": {"lines":{"total":15,"covered":15,"skipped":0,"pct":100},"functions":{"total":4,"covered":4,"skipped":0,"pct":100},"statements":{"total":20,"covered":15,"skipped":0,"pct":75},"branches":{"total":27,"covered":26,"skipped":0,"pct":96.3}}
,"/harness/src/modules/10-common/components/DynamicPopover/DynamicPopover.tsx": {"lines":{"total":59,"covered":56,"skipped":0,"pct":94.92},"functions":{"total":13,"covered":11,"skipped":0,"pct":84.62},"statements":{"total":66,"covered":57,"skipped":0,"pct":86.36},"branches":{"total":50,"covered":36,"skipped":0,"pct":72}}
,"/harness/src/modules/10-common/components/EditableText/EditableText.tsx": {"lines":{"total":9,"covered":6,"skipped":0,"pct":66.67},"functions":{"total":4,"covered":0,"skipped":0,"pct":0},"statements":{"total":15,"covered":6,"skipped":0,"pct":40},"branches":{"total":13,"covered":0,"skipped":0,"pct":0}}
,"/harness/src/modules/10-common/components/EntityReference/EntityReference.tsx": {"lines":{"total":68,"covered":67,"skipped":0,"pct":98.53},"functions":{"total":21,"covered":17,"skipped":0,"pct":80.95},"statements":{"total":85,"covered":69,"skipped":0,"pct":81.18},"branches":{"total":63,"covered":55,"skipped":0,"pct":87.3}}
,"/harness/src/modules/10-common/components/ErrorHandler/ErrorHandler.tsx": {"lines":{"total":26,"covered":26,"skipped":0,"pct":100},"functions":{"total":6,"covered":6,"skipped":0,"pct":100},"statements":{"total":34,"covered":26,"skipped":0,"pct":76.47},"branches":{"total":15,"covered":9,"skipped":0,"pct":60}}
,"/harness/src/modules/10-common/components/ErrorTooltip/ErrorTooltip.tsx": {"lines":{"total":3,"covered":3,"skipped":0,"pct":100},"functions":{"total":1,"covered":1,"skipped":0,"pct":100},"statements":{"total":9,"covered":3,"skipped":0,"pct":33.33},"branches":{"total":5,"covered":5,"skipped":0,"pct":100}}
,"/harness/src/modules/10-common/components/ErrorTooltip/ErrorTooltip.types.ts": {"lines":{"total":0,"covered":0,"skipped":0,"pct":0},"functions":{"total":0,"covered":0,"skipped":0,"pct":0},"statements":{"total":0,"covered":0,"skipped":0,"pct":0},"branches":{"total":0,"covered":0,"skipped":0,"pct":0}}
,"/harness/src/modules/10-common/components/FeatureWarning/FeatureTooltip.tsx": {"lines":{"total":52,"covered":44,"skipped":0,"pct":84.62},"functions":{"total":12,"covered":12,"skipped":0,"pct":100},"statements":{"total":63,"covered":46,"skipped":0,"pct":73.02},"branches":{"total":63,"covered":45,"skipped":0,"pct":71.43}}
,"/harness/src/modules/10-common/components/FeatureWarning/FeatureWarningBanner.tsx": {"lines":{"total":6,"covered":6,"skipped":0,"pct":100},"functions":{"total":2,"covered":2,"skipped":0,"pct":100},"statements":{"total":16,"covered":6,"skipped":0,"pct":37.5},"branches":{"total":4,"covered":2,"skipped":0,"pct":50}}
,"/harness/src/modules/10-common/components/FeatureWarning/FeatureWarningCommonBanner.tsx": {"lines":{"total":12,"covered":12,"skipped":0,"pct":100},"functions":{"total":3,"covered":3,"skipped":0,"pct":100},"statements":{"total":20,"covered":12,"skipped":0,"pct":60},"branches":{"total":6,"covered":5,"skipped":0,"pct":83.33}}
,"/harness/src/modules/10-common/components/FeatureWarning/FeatureWarningCommonBannerUtils.tsx": {"lines":{"total":55,"covered":47,"skipped":0,"pct":85.45},"functions":{"total":7,"covered":7,"skipped":0,"pct":100},"statements":{"total":63,"covered":47,"skipped":0,"pct":74.6},"branches":{"total":77,"covered":39,"skipped":0,"pct":50.65}}
,"/harness/src/modules/10-common/components/FeatureWarning/FeatureWarningInfoBanner.tsx": {"lines":{"total":7,"covered":7,"skipped":0,"pct":100},"functions":{"total":2,"covered":1,"skipped":0,"pct":50},"statements":{"total":12,"covered":7,"skipped":0,"pct":58.33},"branches":{"total":2,"covered":1,"skipped":0,"pct":50}}
,"/harness/src/modules/10-common/components/FeatureWarning/FeatureWarningSubscriptionInfoBanner.tsx": {"lines":{"total":7,"covered":7,"skipped":0,"pct":100},"functions":{"total":2,"covered":1,"skipped":0,"pct":50},"statements":{"total":12,"covered":7,"skipped":0,"pct":58.33},"branches":{"total":2,"covered":1,"skipped":0,"pct":50}}
,"/harness/src/modules/10-common/components/FeatureWarning/FeatureWarningSubscriptionUpgradeBanner.tsx": {"lines":{"total":7,"covered":7,"skipped":0,"pct":100},"functions":{"total":2,"covered":1,"skipped":0,"pct":50},"statements":{"total":12,"covered":7,"skipped":0,"pct":58.33},"branches":{"total":2,"covered":1,"skipped":0,"pct":50}}
,"/harness/src/modules/10-common/components/FeatureWarning/FeatureWarningUpgradeBanner.tsx": {"lines":{"total":7,"covered":7,"skipped":0,"pct":100},"functions":{"total":2,"covered":1,"skipped":0,"pct":50},"statements":{"total":12,"covered":7,"skipped":0,"pct":58.33},"branches":{"total":2,"covered":1,"skipped":0,"pct":50}}
,"/harness/src/modules/10-common/components/FeatureWarning/FeatureWarningWithTooltip.tsx": {"lines":{"total":18,"covered":18,"skipped":0,"pct":100},"functions":{"total":4,"covered":4,"skipped":0,"pct":100},"statements":{"total":30,"covered":18,"skipped":0,"pct":60},"branches":{"total":10,"covered":9,"skipped":0,"pct":90}}
,"/harness/src/modules/10-common/components/FeatureWarning/OnPremFeatureWarningInfoBanner.tsx": {"lines":{"total":0,"covered":0,"skipped":0,"pct":0},"functions":{"total":3,"covered":0,"skipped":0,"pct":0},"statements":{"total":17,"covered":0,"skipped":0,"pct":0},"branches":{"total":2,"covered":1,"skipped":0,"pct":0}}
,"/harness/src/modules/10-common/components/FeatureWarning/featureWarningUtil.tsx": {"lines":{"total":64,"covered":53,"skipped":0,"pct":82.81},"functions":{"total":19,"covered":11,"skipped":0,"pct":57.89},"statements":{"total":83,"covered":53,"skipped":0,"pct":63.86},"branches":{"total":25,"covered":17,"skipped":0,"pct":68}}
,"/harness/src/modules/10-common/components/Filter/Constants.ts": {"lines":{"total":0,"covered":0,"skipped":0,"pct":0},"functions":{"total":0,"covered":0,"skipped":0,"pct":0},"statements":{"total":0,"covered":0,"skipped":0,"pct":0},"branches":{"total":0,"covered":0,"skipped":0,"pct":0}}
,"/harness/src/modules/10-common/components/Filter/Filter.tsx": {"lines":{"total":26,"covered":25,"skipped":0,"pct":96.15},"functions":{"total":8,"covered":6,"skipped":0,"pct":75},"statements":{"total":36,"covered":26,"skipped":0,"pct":72.22},"branches":{"total":49,"covered":41,"skipped":0,"pct":83.67}}
,"/harness/src/modules/10-common/components/Filter/FilterCRUD/FilterCRUD.tsx": {"lines":{"total":133,"covered":70,"skipped":0,"pct":52.63},"functions":{"total":33,"covered":19,"skipped":0,"pct":57.58},"statements":{"total":150,"covered":75,"skipped":0,"pct":50},"branches":{"total":218,"covered":83,"skipped":0,"pct":38.07}}
,"/harness/src/modules/10-common/components/Filter/FilterSelector/FilterSelector.tsx": {"lines":{"total":8,"covered":8,"skipped":0,"pct":100},"functions":{"total":4,"covered":4,"skipped":0,"pct":100},"statements":{"total":17,"covered":9,"skipped":0,"pct":52.94},"branches":{"total":24,"covered":22,"skipped":0,"pct":91.67}}
,"/harness/src/modules/10-common/components/Filter/utils/FilterUtils.tsx": {"lines":{"total":34,"covered":27,"skipped":0,"pct":79.41},"functions":{"total":12,"covered":9,"skipped":0,"pct":75},"statements":{"total":48,"covered":31,"skipped":0,"pct":64.58},"branches":{"total":38,"covered":14,"skipped":0,"pct":36.84}}
,"/harness/src/modules/10-common/components/FormikEffect/FormikEffect.tsx": {"lines":{"total":11,"covered":11,"skipped":0,"pct":100},"functions":{"total":4,"covered":4,"skipped":0,"pct":100},"statements":{"total":13,"covered":11,"skipped":0,"pct":84.62},"branches":{"total":2,"covered":2,"skipped":0,"pct":100}}
,"/harness/src/modules/10-common/components/GitContextForm/GitContextForm.tsx": {"lines":{"total":51,"covered":47,"skipped":0,"pct":92.16},"functions":{"total":14,"covered":9,"skipped":0,"pct":64.29},"statements":{"total":65,"covered":50,"skipped":0,"pct":76.92},"branches":{"total":218,"covered":129,"skipped":0,"pct":59.17}}
,"/harness/src/modules/10-common/components/GitDiffEditor/GitDiffEditor.tsx": {"lines":{"total":15,"covered":6,"skipped":0,"pct":40},"functions":{"total":6,"covered":0,"skipped":0,"pct":0},"statements":{"total":21,"covered":6,"skipped":0,"pct":28.57},"branches":{"total":70,"covered":0,"skipped":0,"pct":0}}
,"/harness/src/modules/10-common/components/GitFilters/GitFilters.tsx": {"lines":{"total":76,"covered":66,"skipped":0,"pct":86.84},"functions":{"total":24,"covered":14,"skipped":0,"pct":58.33},"statements":{"total":90,"covered":67,"skipped":0,"pct":74.44},"branches":{"total":138,"covered":76,"skipped":0,"pct":55.07}}
,"/harness/src/modules/10-common/components/GlanceCard/GlanceCard.tsx": {"lines":{"total":4,"covered":4,"skipped":0,"pct":100},"functions":{"total":2,"covered":1,"skipped":0,"pct":50},"statements":{"total":10,"covered":4,"skipped":0,"pct":40},"branches":{"total":25,"covered":20,"skipped":0,"pct":80}}
,"/harness/src/modules/10-common/components/HeatMap/ColorUtils.ts": {"lines":{"total":7,"covered":7,"skipped":0,"pct":100},"functions":{"total":3,"covered":3,"skipped":0,"pct":100},"statements":{"total":10,"covered":7,"skipped":0,"pct":70},"branches":{"total":4,"covered":0,"skipped":0,"pct":0}}
,"/harness/src/modules/10-common/components/HeatMap/HeatMap.tsx": {"lines":{"total":43,"covered":13,"skipped":0,"pct":30.23},"functions":{"total":14,"covered":1,"skipped":0,"pct":7.14},"statements":{"total":54,"covered":14,"skipped":0,"pct":25.93},"branches":{"total":65,"covered":2,"skipped":0,"pct":3.08}}
,"/harness/src/modules/10-common/components/HomeSideNav/HomeSideNav.tsx": {"lines":{"total":3,"covered":3,"skipped":0,"pct":100},"functions":{"total":1,"covered":1,"skipped":0,"pct":100},"statements":{"total":12,"covered":3,"skipped":0,"pct":25},"branches":{"total":0,"covered":0,"skipped":0,"pct":100}}
,"/harness/src/modules/10-common/components/InfoStrip/InfoStrip.tsx": {"lines":{"total":4,"covered":4,"skipped":0,"pct":100},"functions":{"total":1,"covered":0,"skipped":0,"pct":0},"statements":{"total":9,"covered":4,"skipped":0,"pct":44.44},"branches":{"total":0,"covered":0,"skipped":0,"pct":100}}
,"/harness/src/modules/10-common/components/InstanceDropdownField/InstanceDropdownField.tsx": {"lines":{"total":60,"covered":40,"skipped":0,"pct":66.67},"functions":{"total":9,"covered":5,"skipped":0,"pct":55.56},"statements":{"total":71,"covered":40,"skipped":0,"pct":56.34},"branches":{"total":147,"covered":75,"skipped":0,"pct":51.02}}
,"/harness/src/modules/10-common/components/LaunchButton/LaunchButton.tsx": {"lines":{"total":9,"covered":9,"skipped":0,"pct":100},"functions":{"total":2,"covered":1,"skipped":0,"pct":50},"statements":{"total":15,"covered":9,"skipped":0,"pct":60},"branches":{"total":2,"covered":2,"skipped":0,"pct":100}}
,"/harness/src/modules/10-common/components/LinkifyText/LinkifyText.tsx": {"lines":{"total":21,"covered":21,"skipped":0,"pct":100},"functions":{"total":3,"covered":3,"skipped":0,"pct":100},"statements":{"total":25,"covered":21,"skipped":0,"pct":84},"branches":{"total":9,"covered":8,"skipped":0,"pct":88.89}}
,"/harness/src/modules/10-common/components/List/List.tsx": {"lines":{"total":49,"covered":35,"skipped":0,"pct":71.43},"functions":{"total":21,"covered":13,"skipped":0,"pct":61.9},"statements":{"total":67,"covered":37,"skipped":0,"pct":55.22},"branches":{"total":87,"covered":46,"skipped":0,"pct":52.87}}
,"/harness/src/modules/10-common/components/LogViewer/LogLine.tsx": {"lines":{"total":11,"covered":10,"skipped":0,"pct":90.91},"functions":{"total":6,"covered":6,"skipped":0,"pct":100},"statements":{"total":17,"covered":10,"skipped":0,"pct":58.82},"branches":{"total":10,"covered":7,"skipped":0,"pct":70}}
,"/harness/src/modules/10-common/components/LogViewer/SimpleLogViewer.tsx": {"lines":{"total":6,"covered":6,"skipped":0,"pct":100},"functions":{"total":4,"covered":4,"skipped":0,"pct":100},"statements":{"total":13,"covered":6,"skipped":0,"pct":46.15},"branches":{"total":3,"covered":1,"skipped":0,"pct":33.33}}
,"/harness/src/modules/10-common/components/Map/Map.tsx": {"lines":{"total":0,"covered":0,"skipped":0,"pct":0},"functions":{"total":19,"covered":0,"skipped":0,"pct":0},"statements":{"total":64,"covered":0,"skipped":0,"pct":0},"branches":{"total":97,"covered":64,"skipped":0,"pct":0}}
,"/harness/src/modules/10-common/components/MarkdownViewer/MarkdownViewer.tsx": {"lines":{"total":26,"covered":25,"skipped":0,"pct":96.15},"functions":{"total":5,"covered":5,"skipped":0,"pct":100},"statements":{"total":30,"covered":25,"skipped":0,"pct":83.33},"branches":{"total":18,"covered":16,"skipped":0,"pct":88.89}}
,"/harness/src/modules/10-common/components/ModuleInfoCards/ModuleInfoCards.tsx": {"lines":{"total":28,"covered":28,"skipped":0,"pct":100},"functions":{"total":9,"covered":9,"skipped":0,"pct":100},"statements":{"total":39,"covered":30,"skipped":0,"pct":76.92},"branches":{"total":27,"covered":25,"skipped":0,"pct":92.59}}
,"/harness/src/modules/10-common/components/MonacoDiffEditor/MonacoDiffEditor.tsx": {"lines":{"total":14,"covered":1,"skipped":0,"pct":7.14},"functions":{"total":4,"covered":0,"skipped":0,"pct":0},"statements":{"total":17,"covered":1,"skipped":0,"pct":5.88},"branches":{"total":48,"covered":0,"skipped":0,"pct":0}}
,"/harness/src/modules/10-common/components/MonacoEditor/MonacoEditor.tsx": {"lines":{"total":17,"covered":16,"skipped":0,"pct":94.12},"functions":{"total":5,"covered":5,"skipped":0,"pct":100},"statements":{"total":23,"covered":16,"skipped":0,"pct":69.57},"branches":{"total":46,"covered":35,"skipped":0,"pct":76.09}}
,"/harness/src/modules/10-common/components/MonacoTextField/MonacoTextField.tsx": {"lines":{"total":20,"covered":15,"skipped":0,"pct":75},"functions":{"total":7,"covered":3,"skipped":0,"pct":42.86},"statements":{"total":28,"covered":15,"skipped":0,"pct":53.57},"branches":{"total":23,"covered":10,"skipped":0,"pct":43.48}}
,"/harness/src/modules/10-common/components/MultiSelectEntityReference/MultiSelectEntityReference.tsx": {"lines":{"total":116,"covered":112,"skipped":0,"pct":96.55},"functions":{"total":31,"covered":23,"skipped":0,"pct":74.19},"statements":{"total":128,"covered":112,"skipped":0,"pct":87.5},"branches":{"total":103,"covered":78,"skipped":0,"pct":75.73}}
,"/harness/src/modules/10-common/components/MultiSelectEntityReference/utils.tsx": {"lines":{"total":2,"covered":2,"skipped":0,"pct":100},"functions":{"total":2,"covered":2,"skipped":0,"pct":100},"statements":{"total":4,"covered":3,"skipped":0,"pct":75},"branches":{"total":6,"covered":5,"skipped":0,"pct":83.33}}
,"/harness/src/modules/10-common/components/MultiTypeCheckbox/MultiTypeCheckbox.tsx": {"lines":{"total":28,"covered":26,"skipped":0,"pct":92.86},"functions":{"total":6,"covered":4,"skipped":0,"pct":66.67},"statements":{"total":38,"covered":26,"skipped":0,"pct":68.42},"branches":{"total":76,"covered":38,"skipped":0,"pct":50}}
,"/harness/src/modules/10-common/components/MultiTypeDelegateSelector/MultiTypeDelegateSelector.tsx": {"lines":{"total":9,"covered":9,"skipped":0,"pct":100},"functions":{"total":2,"covered":2,"skipped":0,"pct":100},"statements":{"total":19,"covered":9,"skipped":0,"pct":47.37},"branches":{"total":25,"covered":17,"skipped":0,"pct":68}}
,"/harness/src/modules/10-common/components/MultiTypeDuration/MultiTypeDuration.tsx": {"lines":{"total":65,"covered":58,"skipped":0,"pct":89.23},"functions":{"total":12,"covered":9,"skipped":0,"pct":75},"statements":{"total":81,"covered":59,"skipped":0,"pct":72.84},"branches":{"total":141,"covered":99,"skipped":0,"pct":70.21}}
,"/harness/src/modules/10-common/components/MultiTypeFieldSelector/MultiTypeFieldSelector.stories.tsx": {"lines":{"total":0,"covered":0,"skipped":0,"pct":0},"functions":{"total":0,"covered":0,"skipped":0,"pct":0},"statements":{"total":0,"covered":0,"skipped":0,"pct":0},"branches":{"total":0,"covered":0,"skipped":0,"pct":0}}
,"/harness/src/modules/10-common/components/MultiTypeFieldSelector/MultiTypeFieldSelector.tsx": {"lines":{"total":14,"covered":14,"skipped":0,"pct":100},"functions":{"total":2,"covered":2,"skipped":0,"pct":100},"statements":{"total":26,"covered":16,"skipped":0,"pct":61.54},"branches":{"total":64,"covered":48,"skipped":0,"pct":75}}
,"/harness/src/modules/10-common/components/MultiTypeList/MultiTypeList.tsx": {"lines":{"total":12,"covered":12,"skipped":0,"pct":100},"functions":{"total":7,"covered":6,"skipped":0,"pct":85.71},"statements":{"total":24,"covered":12,"skipped":0,"pct":50},"branches":{"total":22,"covered":17,"skipped":0,"pct":77.27}}
,"/harness/src/modules/10-common/components/MultiTypeListInputSet/MultiTypeListInputSet.tsx": {"lines":{"total":50,"covered":44,"skipped":0,"pct":88},"functions":{"total":22,"covered":14,"skipped":0,"pct":63.64},"statements":{"total":70,"covered":48,"skipped":0,"pct":68.57},"branches":{"total":103,"covered":56,"skipped":0,"pct":54.37}}
,"/harness/src/modules/10-common/components/MultiTypeMap/MultiTypeMap.tsx": {"lines":{"total":12,"covered":12,"skipped":0,"pct":100},"functions":{"total":7,"covered":6,"skipped":0,"pct":85.71},"statements":{"total":24,"covered":12,"skipped":0,"pct":50},"branches":{"total":29,"covered":20,"skipped":0,"pct":68.97}}
,"/harness/src/modules/10-common/components/MultiTypeMapInputSet/MultiTypeMapInputSet.tsx": {"lines":{"total":56,"covered":48,"skipped":0,"pct":85.71},"functions":{"total":21,"covered":13,"skipped":0,"pct":61.9},"statements":{"total":72,"covered":49,"skipped":0,"pct":68.06},"branches":{"total":116,"covered":73,"skipped":0,"pct":62.93}}
,"/harness/src/modules/10-common/components/MultiTypeRadioGroup/MultiTypeRadioGroup.tsx": {"lines":{"total":19,"covered":18,"skipped":0,"pct":94.74},"functions":{"total":5,"covered":3,"skipped":0,"pct":60},"statements":{"total":29,"covered":18,"skipped":0,"pct":62.07},"branches":{"total":50,"covered":25,"skipped":0,"pct":50}}
,"/harness/src/modules/10-common/components/MultiTypeSelect/MultiTypeSelect.tsx": {"lines":{"total":6,"covered":6,"skipped":0,"pct":100},"functions":{"total":2,"covered":1,"skipped":0,"pct":50},"statements":{"total":13,"covered":6,"skipped":0,"pct":46.15},"branches":{"total":13,"covered":7,"skipped":0,"pct":53.85}}
,"/harness/src/modules/10-common/components/MultiTypeSelectorButton/MultiTypeSelectorButton.tsx": {"lines":{"total":2,"covered":2,"skipped":0,"pct":100},"functions":{"total":1,"covered":1,"skipped":0,"pct":100},"statements":{"total":8,"covered":2,"skipped":0,"pct":25},"branches":{"total":0,"covered":0,"skipped":0,"pct":100}}
,"/harness/src/modules/10-common/components/MultiTypeText/MultiTypeText.tsx": {"lines":{"total":6,"covered":6,"skipped":0,"pct":100},"functions":{"total":2,"covered":1,"skipped":0,"pct":50},"statements":{"total":13,"covered":6,"skipped":0,"pct":46.15},"branches":{"total":22,"covered":15,"skipped":0,"pct":68.18}}
,"/harness/src/modules/10-common/components/MultiTypeTextArea/MultiTypeTextArea.stories.tsx": {"lines":{"total":0,"covered":0,"skipped":0,"pct":0},"functions":{"total":0,"covered":0,"skipped":0,"pct":0},"statements":{"total":0,"covered":0,"skipped":0,"pct":0},"branches":{"total":0,"covered":0,"skipped":0,"pct":0}}
,"/harness/src/modules/10-common/components/MultiTypeTextArea/MultiTypeTextArea.tsx": {"lines":{"total":23,"covered":21,"skipped":0,"pct":91.3},"functions":{"total":7,"covered":3,"skipped":0,"pct":42.86},"statements":{"total":35,"covered":21,"skipped":0,"pct":60},"branches":{"total":64,"covered":35,"skipped":0,"pct":54.69}}
,"/harness/src/modules/10-common/components/NGBreadcrumbs/NGBreadcrumbs.tsx": {"lines":{"total":44,"covered":44,"skipped":0,"pct":100},"functions":{"total":2,"covered":2,"skipped":0,"pct":100},"statements":{"total":56,"covered":45,"skipped":0,"pct":80.36},"branches":{"total":48,"covered":37,"skipped":0,"pct":77.08}}
,"/harness/src/modules/10-common/components/NameIdDescriptionTags/NameIdDescriptionTags.tsx": {"lines":{"total":43,"covered":37,"skipped":0,"pct":86.05},"functions":{"total":15,"covered":9,"skipped":0,"pct":60},"statements":{"total":57,"covered":37,"skipped":0,"pct":64.91},"branches":{"total":86,"covered":62,"skipped":0,"pct":72.09}}
,"/harness/src/modules/10-common/components/NameIdDescriptionTags/NameIdDescriptionTagsConstants.ts": {"lines":{"total":0,"covered":0,"skipped":0,"pct":0},"functions":{"total":0,"covered":0,"skipped":0,"pct":0},"statements":{"total":0,"covered":0,"skipped":0,"pct":0},"branches":{"total":0,"covered":0,"skipped":0,"pct":0}}
,"/harness/src/modules/10-common/components/NavigationCheck/NavigationCheck.tsx": {"lines":{"total":21,"covered":21,"skipped":0,"pct":100},"functions":{"total":5,"covered":5,"skipped":0,"pct":100},"statements":{"total":26,"covered":21,"skipped":0,"pct":80.77},"branches":{"total":39,"covered":38,"skipped":0,"pct":97.44}}
,"/harness/src/modules/10-common/components/OptionsMenuButton/OptionsMenuButton.tsx": {"lines":{"total":4,"covered":4,"skipped":0,"pct":100},"functions":{"total":2,"covered":2,"skipped":0,"pct":100},"statements":{"total":8,"covered":4,"skipped":0,"pct":50},"branches":{"total":3,"covered":2,"skipped":0,"pct":66.67}}
,"/harness/src/modules/10-common/components/OverviewChartsWithToggle/OverviewChartsWithToggle.tsx": {"lines":{"total":17,"covered":16,"skipped":0,"pct":94.12},"functions":{"total":5,"covered":3,"skipped":0,"pct":60},"statements":{"total":25,"covered":16,"skipped":0,"pct":64},"branches":{"total":22,"covered":7,"skipped":0,"pct":31.82}}
,"/harness/src/modules/10-common/components/PasswordChecklist/PasswordChecklist.tsx": {"lines":{"total":10,"covered":10,"skipped":0,"pct":100},"functions":{"total":4,"covered":4,"skipped":0,"pct":100},"statements":{"total":16,"covered":10,"skipped":0,"pct":62.5},"branches":{"total":9,"covered":4,"skipped":0,"pct":44.44}}
,"/harness/src/modules/10-common/components/ReferenceSelect/ReferenceSelect.tsx": {"lines":{"total":25,"covered":25,"skipped":0,"pct":100},"functions":{"total":11,"covered":8,"skipped":0,"pct":72.73},"statements":{"total":36,"covered":25,"skipped":0,"pct":69.44},"branches":{"total":33,"covered":20,"skipped":0,"pct":60.61}}
,"/harness/src/modules/10-common/components/RenderDetailsTable/RenderDetailsTable.tsx": {"lines":{"total":8,"covered":6,"skipped":0,"pct":75},"functions":{"total":4,"covered":2,"skipped":0,"pct":50},"statements":{"total":14,"covered":6,"skipped":0,"pct":42.86},"branches":{"total":20,"covered":14,"skipped":0,"pct":70}}
,"/harness/src/modules/10-common/components/ResourceCardList/ResourceCardList.tsx": {"lines":{"total":20,"covered":19,"skipped":0,"pct":95},"functions":{"total":5,"covered":4,"skipped":0,"pct":80},"statements":{"total":32,"covered":19,"skipped":0,"pct":59.38},"branches":{"total":36,"covered":27,"skipped":0,"pct":75}}
,"/harness/src/modules/10-common/components/SaveToGitForm/SaveToGitForm.tsx": {"lines":{"total":87,"covered":76,"skipped":0,"pct":87.36},"functions":{"total":25,"covered":18,"skipped":0,"pct":72},"statements":{"total":102,"covered":76,"skipped":0,"pct":74.51},"branches":{"total":232,"covered":166,"skipped":0,"pct":71.55}}
,"/harness/src/modules/10-common/components/Separator/Separator.tsx": {"lines":{"total":2,"covered":2,"skipped":0,"pct":100},"functions":{"total":1,"covered":1,"skipped":0,"pct":100},"statements":{"total":5,"covered":2,"skipped":0,"pct":40},"branches":{"total":2,"covered":2,"skipped":0,"pct":100}}
,"/harness/src/modules/10-common/components/ShellScriptMonaco/ShellScriptMonaco.tsx": {"lines":{"total":27,"covered":19,"skipped":0,"pct":70.37},"functions":{"total":11,"covered":4,"skipped":0,"pct":36.36},"statements":{"total":38,"covered":19,"skipped":0,"pct":50},"branches":{"total":24,"covered":10,"skipped":0,"pct":41.67}}
,"/harness/src/modules/10-common/components/Smtp/CreateSmtpWizard.tsx": {"lines":{"total":3,"covered":3,"skipped":0,"pct":100},"functions":{"total":1,"covered":1,"skipped":0,"pct":100},"statements":{"total":10,"covered":3,"skipped":0,"pct":30},"branches":{"total":0,"covered":0,"skipped":0,"pct":100}}
,"/harness/src/modules/10-common/components/Smtp/SmtpDetails.tsx": {"lines":{"total":26,"covered":23,"skipped":0,"pct":88.46},"functions":{"total":7,"covered":3,"skipped":0,"pct":42.86},"statements":{"total":38,"covered":23,"skipped":0,"pct":60.53},"branches":{"total":106,"covered":62,"skipped":0,"pct":58.49}}
,"/harness/src/modules/10-common/components/Smtp/useCreateSmtpModal.tsx": {"lines":{"total":21,"covered":17,"skipped":0,"pct":80.95},"functions":{"total":7,"covered":5,"skipped":0,"pct":71.43},"statements":{"total":28,"covered":17,"skipped":0,"pct":60.71},"branches":{"total":6,"covered":6,"skipped":0,"pct":100}}
,"/harness/src/modules/10-common/components/Smtp/views/StepCredentials.tsx": {"lines":{"total":21,"covered":19,"skipped":0,"pct":90.48},"functions":{"total":5,"covered":4,"skipped":0,"pct":80},"statements":{"total":29,"covered":19,"skipped":0,"pct":65.52},"branches":{"total":90,"covered":59,"skipped":0,"pct":65.56}}
,"/harness/src/modules/10-common/components/Smtp/views/StepDetails.tsx": {"lines":{"total":18,"covered":18,"skipped":0,"pct":100},"functions":{"total":6,"covered":5,"skipped":0,"pct":83.33},"statements":{"total":28,"covered":18,"skipped":0,"pct":64.29},"branches":{"total":35,"covered":21,"skipped":0,"pct":60}}
,"/harness/src/modules/10-common/components/Smtp/views/StepTestConnection.tsx": {"lines":{"total":25,"covered":22,"skipped":0,"pct":88},"functions":{"total":5,"covered":4,"skipped":0,"pct":80},"statements":{"total":34,"covered":22,"skipped":0,"pct":64.71},"branches":{"total":50,"covered":14,"skipped":0,"pct":28}}
,"/harness/src/modules/10-common/components/SnippetSection/Snippet.tsx": {"lines":{"total":24,"covered":22,"skipped":0,"pct":91.67},"functions":{"total":5,"covered":3,"skipped":0,"pct":60},"statements":{"total":32,"covered":22,"skipped":0,"pct":68.75},"branches":{"total":37,"covered":14,"skipped":0,"pct":37.84}}
,"/harness/src/modules/10-common/components/SnippetSection/SnippetDetails.i18n.ts": {"lines":{"total":1,"covered":1,"skipped":0,"pct":100},"functions":{"total":0,"covered":0,"skipped":0,"pct":100},"statements":{"total":1,"covered":1,"skipped":0,"pct":100},"branches":{"total":0,"covered":0,"skipped":0,"pct":100}}
,"/harness/src/modules/10-common/components/SnippetSection/SnippetDetails.tsx": {"lines":{"total":24,"covered":22,"skipped":0,"pct":91.67},"functions":{"total":8,"covered":7,"skipped":0,"pct":87.5},"statements":{"total":32,"covered":23,"skipped":0,"pct":71.88},"branches":{"total":24,"covered":16,"skipped":0,"pct":66.67}}
,"/harness/src/modules/10-common/components/SnippetSection/SnippetSection.tsx": {"lines":{"total":24,"covered":17,"skipped":0,"pct":70.83},"functions":{"total":9,"covered":6,"skipped":0,"pct":66.67},"statements":{"total":34,"covered":17,"skipped":0,"pct":50},"branches":{"total":24,"covered":11,"skipped":0,"pct":45.83}}
,"/harness/src/modules/10-common/components/SparklineChart/SparklineChart.tsx": {"lines":{"total":9,"covered":9,"skipped":0,"pct":100},"functions":{"total":5,"covered":5,"skipped":0,"pct":100},"statements":{"total":18,"covered":11,"skipped":0,"pct":61.11},"branches":{"total":9,"covered":5,"skipped":0,"pct":55.56}}
,"/harness/src/modules/10-common/components/StackedColumnChart/StackedColumnChart.tsx": {"lines":{"total":10,"covered":10,"skipped":0,"pct":100},"functions":{"total":7,"covered":5,"skipped":0,"pct":71.43},"statements":{"total":18,"covered":13,"skipped":0,"pct":72.22},"branches":{"total":1,"covered":0,"skipped":0,"pct":0}}
,"/harness/src/modules/10-common/components/StackedSummaryBar/StackedSummaryBar.tsx": {"lines":{"total":17,"covered":17,"skipped":0,"pct":100},"functions":{"total":5,"covered":5,"skipped":0,"pct":100},"statements":{"total":26,"covered":18,"skipped":0,"pct":69.23},"branches":{"total":21,"covered":18,"skipped":0,"pct":85.71}}
,"/harness/src/modules/10-common/components/StackedSummaryBar/utils.tsx": {"lines":{"total":6,"covered":6,"skipped":0,"pct":100},"functions":{"total":2,"covered":2,"skipped":0,"pct":100},"statements":{"total":11,"covered":6,"skipped":0,"pct":54.55},"branches":{"total":16,"covered":15,"skipped":0,"pct":93.75}}
,"/harness/src/modules/10-common/components/StackedSummaryTable/StackedSummaryTable.tsx": {"lines":{"total":18,"covered":14,"skipped":0,"pct":77.78},"functions":{"total":5,"covered":5,"skipped":0,"pct":100},"statements":{"total":27,"covered":14,"skipped":0,"pct":51.85},"branches":{"total":38,"covered":23,"skipped":0,"pct":60.53}}
,"/harness/src/modules/10-common/components/StringWithTooltip/StringWithTooltip.tsx": {"lines":{"total":3,"covered":3,"skipped":0,"pct":100},"functions":{"total":1,"covered":1,"skipped":0,"pct":100},"statements":{"total":9,"covered":3,"skipped":0,"pct":33.33},"branches":{"total":1,"covered":1,"skipped":0,"pct":100}}
,"/harness/src/modules/10-common/components/SvgInline/SvgInline.tsx": {"lines":{"total":19,"covered":19,"skipped":0,"pct":100},"functions":{"total":6,"covered":6,"skipped":0,"pct":100},"statements":{"total":23,"covered":19,"skipped":0,"pct":82.61},"branches":{"total":10,"covered":9,"skipped":0,"pct":90}}
,"/harness/src/modules/10-common/components/Table/GitDetailsColumn/GitDetailsColumn.tsx": {"lines":{"total":6,"covered":6,"skipped":0,"pct":100},"functions":{"total":2,"covered":2,"skipped":0,"pct":100},"statements":{"total":13,"covered":6,"skipped":0,"pct":46.15},"branches":{"total":11,"covered":9,"skipped":0,"pct":81.82}}
,"/harness/src/modules/10-common/components/TagsRenderer/TagsRenderer.tsx": {"lines":{"total":15,"covered":15,"skipped":0,"pct":100},"functions":{"total":4,"covered":4,"skipped":0,"pct":100},"statements":{"total":19,"covered":15,"skipped":0,"pct":78.95},"branches":{"total":9,"covered":9,"skipped":0,"pct":100}}
,"/harness/src/modules/10-common/components/TagsViewer/TagsViewer.tsx": {"lines":{"total":5,"covered":5,"skipped":0,"pct":100},"functions":{"total":3,"covered":3,"skipped":0,"pct":100},"statements":{"total":8,"covered":5,"skipped":0,"pct":62.5},"branches":{"total":4,"covered":4,"skipped":0,"pct":100}}
,"/harness/src/modules/10-common/components/TestConnectionWidget/TestConnectionWidget.tsx": {"lines":{"total":16,"covered":13,"skipped":0,"pct":81.25},"functions":{"total":4,"covered":2,"skipped":0,"pct":50},"statements":{"total":21,"covered":13,"skipped":0,"pct":61.9},"branches":{"total":7,"covered":3,"skipped":0,"pct":42.86}}
,"/harness/src/modules/10-common/components/TextInputWithCopyBtn/TextInputWithCopyBtn.tsx": {"lines":{"total":6,"covered":6,"skipped":0,"pct":100},"functions":{"total":4,"covered":1,"skipped":0,"pct":25},"statements":{"total":15,"covered":6,"skipped":0,"pct":40},"branches":{"total":8,"covered":5,"skipped":0,"pct":62.5}}
,"/harness/src/modules/10-common/components/Ticker/Ticker.tsx": {"lines":{"total":8,"covered":8,"skipped":0,"pct":100},"functions":{"total":2,"covered":2,"skipped":0,"pct":100},"statements":{"total":13,"covered":8,"skipped":0,"pct":61.54},"branches":{"total":19,"covered":14,"skipped":0,"pct":73.68}}
,"/harness/src/modules/10-common/components/TimeAgo/TimeAgo.tsx": {"lines":{"total":2,"covered":2,"skipped":0,"pct":100},"functions":{"total":1,"covered":0,"skipped":0,"pct":0},"statements":{"total":6,"covered":2,"skipped":0,"pct":33.33},"branches":{"total":0,"covered":0,"skipped":0,"pct":100}}
,"/harness/src/modules/10-common/components/TimeAgoPopover/TimeAgoPopover.tsx": {"lines":{"total":3,"covered":3,"skipped":0,"pct":100},"functions":{"total":1,"covered":1,"skipped":0,"pct":100},"statements":{"total":8,"covered":3,"skipped":0,"pct":37.5},"branches":{"total":0,"covered":0,"skipped":0,"pct":100}}
,"/harness/src/modules/10-common/components/TimeRangeSelector/TimeRangeSelector.tsx": {"lines":{"total":26,"covered":25,"skipped":0,"pct":96.15},"functions":{"total":7,"covered":5,"skipped":0,"pct":71.43},"statements":{"total":38,"covered":26,"skipped":0,"pct":68.42},"branches":{"total":39,"covered":21,"skipped":0,"pct":53.85}}
,"/harness/src/modules/10-common/components/TimeSelect/TimeSelect.tsx": {"lines":{"total":9,"covered":8,"skipped":0,"pct":88.89},"functions":{"total":3,"covered":3,"skipped":0,"pct":100},"statements":{"total":15,"covered":9,"skipped":0,"pct":60},"branches":{"total":14,"covered":8,"skipped":0,"pct":57.14}}
,"/harness/src/modules/10-common/components/TimeSelect/TimeSelectUtils.ts": {"lines":{"total":4,"covered":4,"skipped":0,"pct":100},"functions":{"total":2,"covered":2,"skipped":0,"pct":100},"statements":{"total":6,"covered":6,"skipped":0,"pct":100},"branches":{"total":0,"covered":0,"skipped":0,"pct":100}}
,"/harness/src/modules/10-common/components/TimeSeriesAreaChart/TimeSeriesAreaChart.tsx": {"lines":{"total":8,"covered":8,"skipped":0,"pct":100},"functions":{"total":6,"covered":4,"skipped":0,"pct":66.67},"statements":{"total":15,"covered":10,"skipped":0,"pct":66.67},"branches":{"total":2,"covered":0,"skipped":0,"pct":0}}
,"/harness/src/modules/10-common/components/Timeline/Timeline.tsx": {"lines":{"total":0,"covered":0,"skipped":0,"pct":0},"functions":{"total":6,"covered":0,"skipped":0,"pct":0},"statements":{"total":22,"covered":0,"skipped":0,"pct":0},"branches":{"total":14,"covered":0,"skipped":0,"pct":0}}
,"/harness/src/modules/10-common/components/Title/ScopedTitle.tsx": {"lines":{"total":12,"covered":12,"skipped":0,"pct":100},"functions":{"total":2,"covered":2,"skipped":0,"pct":100},"statements":{"total":22,"covered":12,"skipped":0,"pct":54.55},"branches":{"total":21,"covered":21,"skipped":0,"pct":100}}
,"/harness/src/modules/10-common/components/Toothpick/Toothpick.tsx": {"lines":{"total":9,"covered":8,"skipped":0,"pct":88.89},"functions":{"total":3,"covered":3,"skipped":0,"pct":100},"statements":{"total":14,"covered":8,"skipped":0,"pct":57.14},"branches":{"total":12,"covered":9,"skipped":0,"pct":75}}
,"/harness/src/modules/10-common/components/UserGroupsInput/FormMultitypeUserGroupInput.tsx": {"lines":{"total":15,"covered":15,"skipped":0,"pct":100},"functions":{"total":3,"covered":2,"skipped":0,"pct":66.67},"statements":{"total":22,"covered":15,"skipped":0,"pct":68.18},"branches":{"total":24,"covered":14,"skipped":0,"pct":58.33}}
,"/harness/src/modules/10-common/components/UserGroupsInput/UserGroupsInput.tsx": {"lines":{"total":37,"covered":35,"skipped":0,"pct":94.59},"functions":{"total":12,"covered":10,"skipped":0,"pct":83.33},"statements":{"total":52,"covered":36,"skipped":0,"pct":69.23},"branches":{"total":58,"covered":52,"skipped":0,"pct":89.66}}
,"/harness/src/modules/10-common/components/UserGroupsReference/UserGroupsReference.tsx": {"lines":{"total":28,"covered":28,"skipped":0,"pct":100},"functions":{"total":11,"covered":10,"skipped":0,"pct":90.91},"statements":{"total":39,"covered":29,"skipped":0,"pct":74.36},"branches":{"total":44,"covered":31,"skipped":0,"pct":70.45}}
,"/harness/src/modules/10-common/components/UserGroupsReference/__test__/usergroupMockData.ts": {"lines":{"total":0,"covered":0,"skipped":0,"pct":0},"functions":{"total":0,"covered":0,"skipped":0,"pct":0},"statements":{"total":0,"covered":0,"skipped":0,"pct":0},"branches":{"total":0,"covered":0,"skipped":0,"pct":0}}
,"/harness/src/modules/10-common/components/UserLabel/UserLabel.tsx": {"lines":{"total":3,"covered":3,"skipped":0,"pct":100},"functions":{"total":2,"covered":1,"skipped":0,"pct":50},"statements":{"total":10,"covered":4,"skipped":0,"pct":40},"branches":{"total":6,"covered":6,"skipped":0,"pct":100}}
,"/harness/src/modules/10-common/components/VersionSelector/VersionSelector.tsx": {"lines":{"total":0,"covered":0,"skipped":0,"pct":0},"functions":{"total":7,"covered":0,"skipped":0,"pct":0},"statements":{"total":23,"covered":0,"skipped":0,"pct":0},"branches":{"total":30,"covered":0,"skipped":0,"pct":0}}
,"/harness/src/modules/10-common/components/Wizard/Wizard.tsx": {"lines":{"total":36,"covered":35,"skipped":0,"pct":97.22},"functions":{"total":13,"covered":10,"skipped":0,"pct":76.92},"statements":{"total":52,"covered":39,"skipped":0,"pct":75},"branches":{"total":54,"covered":42,"skipped":0,"pct":77.78}}
,"/harness/src/modules/10-common/components/Wizard/WizardFooter.tsx": {"lines":{"total":32,"covered":24,"skipped":0,"pct":75},"functions":{"total":6,"covered":5,"skipped":0,"pct":83.33},"statements":{"total":40,"covered":24,"skipped":0,"pct":60},"branches":{"total":67,"covered":34,"skipped":0,"pct":50.75}}
,"/harness/src/modules/10-common/components/Wizard/WizardHeader.tsx": {"lines":{"total":16,"covered":16,"skipped":0,"pct":100},"functions":{"total":2,"covered":2,"skipped":0,"pct":100},"statements":{"total":23,"covered":16,"skipped":0,"pct":69.57},"branches":{"total":33,"covered":25,"skipped":0,"pct":75.76}}
,"/harness/src/modules/10-common/components/Wizard/WizardUtils.tsx": {"lines":{"total":43,"covered":39,"skipped":0,"pct":90.7},"functions":{"total":6,"covered":6,"skipped":0,"pct":100},"statements":{"total":58,"covered":42,"skipped":0,"pct":72.41},"branches":{"total":58,"covered":43,"skipped":0,"pct":74.14}}
,"/harness/src/modules/10-common/components/WizardWithProgress/WizardHeader.tsx": {"lines":{"total":25,"covered":23,"skipped":0,"pct":92},"functions":{"total":6,"covered":5,"skipped":0,"pct":83.33},"statements":{"total":32,"covered":23,"skipped":0,"pct":71.88},"branches":{"total":44,"covered":36,"skipped":0,"pct":81.82}}
,"/harness/src/modules/10-common/components/WizardWithProgress/WizardHelper.ts": {"lines":{"total":5,"covered":5,"skipped":0,"pct":100},"functions":{"total":1,"covered":1,"skipped":0,"pct":100},"statements":{"total":5,"covered":5,"skipped":0,"pct":100},"branches":{"total":2,"covered":2,"skipped":0,"pct":100}}
,"/harness/src/modules/10-common/components/WizardWithProgress/WizardWithProgress.tsx": {"lines":{"total":43,"covered":24,"skipped":0,"pct":55.81},"functions":{"total":17,"covered":4,"skipped":0,"pct":23.53},"statements":{"total":54,"covered":24,"skipped":0,"pct":44.44},"branches":{"total":47,"covered":16,"skipped":0,"pct":34.04}}
,"/harness/src/modules/10-common/components/YAMLBuilder/YAMLBuilderConstants.ts": {"lines":{"total":23,"covered":23,"skipped":0,"pct":100},"functions":{"total":0,"covered":0,"skipped":0,"pct":100},"statements":{"total":23,"covered":23,"skipped":0,"pct":100},"branches":{"total":0,"covered":0,"skipped":0,"pct":100}}
,"/harness/src/modules/10-common/components/YAMLBuilder/YAMLBuilderUtils.tsx": {"lines":{"total":49,"covered":43,"skipped":0,"pct":87.76},"functions":{"total":11,"covered":7,"skipped":0,"pct":63.64},"statements":{"total":58,"covered":44,"skipped":0,"pct":75.86},"branches":{"total":89,"covered":54,"skipped":0,"pct":60.67}}
,"/harness/src/modules/10-common/components/YAMLBuilder/YamlBuilder.tsx": {"lines":{"total":164,"covered":86,"skipped":0,"pct":52.44},"functions":{"total":42,"covered":20,"skipped":0,"pct":47.62},"statements":{"total":166,"covered":87,"skipped":0,"pct":52.41},"branches":{"total":224,"covered":53,"skipped":0,"pct":23.66}}
,"/harness/src/modules/10-common/constants/EnvironmentType.ts": {"lines":{"total":3,"covered":3,"skipped":0,"pct":100},"functions":{"total":1,"covered":1,"skipped":0,"pct":100},"statements":{"total":3,"covered":3,"skipped":0,"pct":100},"branches":{"total":2,"covered":2,"skipped":0,"pct":100}}
,"/harness/src/modules/10-common/constants/InstanceTypes.ts": {"lines":{"total":3,"covered":3,"skipped":0,"pct":100},"functions":{"total":1,"covered":1,"skipped":0,"pct":100},"statements":{"total":3,"covered":3,"skipped":0,"pct":100},"branches":{"total":2,"covered":2,"skipped":0,"pct":100}}
,"/harness/src/modules/10-common/constants/OAuthProviders.ts": {"lines":{"total":2,"covered":2,"skipped":0,"pct":100},"functions":{"total":0,"covered":0,"skipped":0,"pct":100},"statements":{"total":3,"covered":2,"skipped":0,"pct":66.67},"branches":{"total":0,"covered":0,"skipped":0,"pct":100}}
,"/harness/src/modules/10-common/constants/SubscriptionTypes.ts": {"lines":{"total":19,"covered":19,"skipped":0,"pct":100},"functions":{"total":4,"covered":4,"skipped":0,"pct":100},"statements":{"total":19,"covered":19,"skipped":0,"pct":100},"branches":{"total":8,"covered":8,"skipped":0,"pct":100}}
,"/harness/src/modules/10-common/constants/TrackingConstants.ts": {"lines":{"total":48,"covered":48,"skipped":0,"pct":100},"functions":{"total":11,"covered":11,"skipped":0,"pct":100},"statements":{"total":48,"covered":48,"skipped":0,"pct":100},"branches":{"total":22,"covered":22,"skipped":0,"pct":100}}
,"/harness/src/modules/10-common/constants/Utils.ts": {"lines":{"total":29,"covered":28,"skipped":0,"pct":96.55},"functions":{"total":11,"covered":11,"skipped":0,"pct":100},"statements":{"total":42,"covered":36,"skipped":0,"pct":85.71},"branches":{"total":14,"covered":8,"skipped":0,"pct":57.14}}
,"/harness/src/modules/10-common/factories/LandingDashboardContext.tsx": {"lines":{"total":18,"covered":14,"skipped":0,"pct":77.78},"functions":{"total":6,"covered":3,"skipped":0,"pct":50},"statements":{"total":23,"covered":14,"skipped":0,"pct":60.87},"branches":{"total":4,"covered":4,"skipped":0,"pct":100}}
,"/harness/src/modules/10-common/factories/LandingDashboardFactory.ts": {"lines":{"total":3,"covered":2,"skipped":0,"pct":66.67},"functions":{"total":3,"covered":2,"skipped":0,"pct":66.67},"statements":{"total":4,"covered":2,"skipped":0,"pct":50},"branches":{"total":0,"covered":0,"skipped":0,"pct":100}}
,"/harness/src/modules/10-common/factories/ResourceDetailFactory.tsx": {"lines":{"total":6,"covered":4,"skipped":0,"pct":66.67},"functions":{"total":5,"covered":3,"skipped":0,"pct":60},"statements":{"total":7,"covered":4,"skipped":0,"pct":57.14},"branches":{"total":0,"covered":0,"skipped":0,"pct":100}}
,"/harness/src/modules/10-common/hooks/index.ts": {"lines":{"total":9,"covered":9,"skipped":0,"pct":100},"functions":{"total":9,"covered":9,"skipped":0,"pct":100},"statements":{"total":18,"covered":18,"skipped":0,"pct":100},"branches":{"total":0,"covered":0,"skipped":0,"pct":100}}
,"/harness/src/modules/10-common/hooks/useBooleanStatus.ts": {"lines":{"total":5,"covered":4,"skipped":0,"pct":80},"functions":{"total":5,"covered":2,"skipped":0,"pct":40},"statements":{"total":8,"covered":4,"skipped":0,"pct":50},"branches":{"total":0,"covered":0,"skipped":0,"pct":100}}
,"/harness/src/modules/10-common/hooks/useConfirmAction.tsx": {"lines":{"total":7,"covered":7,"skipped":0,"pct":100},"functions":{"total":2,"covered":2,"skipped":0,"pct":100},"statements":{"total":11,"covered":7,"skipped":0,"pct":63.64},"branches":{"total":10,"covered":8,"skipped":0,"pct":80}}
,"/harness/src/modules/10-common/hooks/useCurrentModule.ts": {"lines":{"total":3,"covered":3,"skipped":0,"pct":100},"functions":{"total":2,"covered":2,"skipped":0,"pct":100},"statements":{"total":6,"covered":4,"skipped":0,"pct":66.67},"branches":{"total":0,"covered":0,"skipped":0,"pct":100}}
,"/harness/src/modules/10-common/hooks/useDeepCompareEffect.ts": {"lines":{"total":9,"covered":9,"skipped":0,"pct":100},"functions":{"total":4,"covered":4,"skipped":0,"pct":100},"statements":{"total":12,"covered":9,"skipped":0,"pct":75},"branches":{"total":6,"covered":6,"skipped":0,"pct":100}}
,"/harness/src/modules/10-common/hooks/useDocumentTitle.ts": {"lines":{"total":11,"covered":11,"skipped":0,"pct":100},"functions":{"total":7,"covered":7,"skipped":0,"pct":100},"statements":{"total":17,"covered":13,"skipped":0,"pct":76.47},"branches":{"total":6,"covered":6,"skipped":0,"pct":100}}
,"/harness/src/modules/10-common/hooks/useEventSourceListener.tsx": {"lines":{"total":0,"covered":0,"skipped":0,"pct":0},"functions":{"total":14,"covered":0,"skipped":0,"pct":0},"statements":{"total":68,"covered":0,"skipped":0,"pct":0},"branches":{"total":35,"covered":19,"skipped":0,"pct":0}}
,"/harness/src/modules/10-common/hooks/useFeatureFlag.ts": {"lines":{"total":4,"covered":4,"skipped":0,"pct":100},"functions":{"total":2,"covered":2,"skipped":0,"pct":100},"statements":{"total":8,"covered":4,"skipped":0,"pct":50},"branches":{"total":0,"covered":0,"skipped":0,"pct":100}}
,"/harness/src/modules/10-common/hooks/useFeatures.ts": {"lines":{"total":89,"covered":88,"skipped":0,"pct":98.88},"functions":{"total":20,"covered":20,"skipped":0,"pct":100},"statements":{"total":104,"covered":89,"skipped":0,"pct":85.58},"branches":{"total":76,"covered":74,"skipped":0,"pct":97.37}}
,"/harness/src/modules/10-common/hooks/useGetUsageAndLimit.ts": {"lines":{"total":39,"covered":37,"skipped":0,"pct":94.87},"functions":{"total":8,"covered":8,"skipped":0,"pct":100},"statements":{"total":50,"covered":37,"skipped":0,"pct":74},"branches":{"total":97,"covered":67,"skipped":0,"pct":69.07}}
,"/harness/src/modules/10-common/hooks/useGlobalEventListener.ts": {"lines":{"total":10,"covered":10,"skipped":0,"pct":100},"functions":{"total":5,"covered":5,"skipped":0,"pct":100},"statements":{"total":12,"covered":10,"skipped":0,"pct":83.33},"branches":{"total":2,"covered":1,"skipped":0,"pct":50}}
,"/harness/src/modules/10-common/hooks/useGraphQLQuery.tsx": {"lines":{"total":4,"covered":3,"skipped":0,"pct":75},"functions":{"total":2,"covered":0,"skipped":0,"pct":0},"statements":{"total":8,"covered":3,"skipped":0,"pct":37.5},"branches":{"total":0,"covered":0,"skipped":0,"pct":100}}
,"/harness/src/modules/10-common/hooks/useLocalStorage.ts": {"lines":{"total":13,"covered":13,"skipped":0,"pct":100},"functions":{"total":4,"covered":4,"skipped":0,"pct":100},"statements":{"total":16,"covered":13,"skipped":0,"pct":81.25},"branches":{"total":7,"covered":7,"skipped":0,"pct":100}}
,"/harness/src/modules/10-common/hooks/useModuleInfo.ts": {"lines":{"total":5,"covered":5,"skipped":0,"pct":100},"functions":{"total":3,"covered":3,"skipped":0,"pct":100},"statements":{"total":12,"covered":7,"skipped":0,"pct":58.33},"branches":{"total":2,"covered":2,"skipped":0,"pct":100}}
,"/harness/src/modules/10-common/hooks/useMutateAsGet.tsx": {"lines":{"total":31,"covered":31,"skipped":0,"pct":100},"functions":{"total":10,"covered":8,"skipped":0,"pct":80},"statements":{"total":40,"covered":35,"skipped":0,"pct":87.5},"branches":{"total":38,"covered":27,"skipped":0,"pct":71.05}}
,"/harness/src/modules/10-common/hooks/useQueryParams.ts": {"lines":{"total":7,"covered":7,"skipped":0,"pct":100},"functions":{"total":2,"covered":2,"skipped":0,"pct":100},"statements":{"total":11,"covered":7,"skipped":0,"pct":63.64},"branches":{"total":10,"covered":10,"skipped":0,"pct":100}}
,"/harness/src/modules/10-common/hooks/useTabVisible.ts": {"lines":{"total":25,"covered":21,"skipped":0,"pct":84},"functions":{"total":5,"covered":5,"skipped":0,"pct":100},"statements":{"total":29,"covered":21,"skipped":0,"pct":72.41},"branches":{"total":15,"covered":8,"skipped":0,"pct":53.33}}
,"/harness/src/modules/10-common/hooks/useTelemetry.ts": {"lines":{"total":14,"covered":14,"skipped":0,"pct":100},"functions":{"total":5,"covered":5,"skipped":0,"pct":100},"statements":{"total":20,"covered":15,"skipped":0,"pct":75},"branches":{"total":11,"covered":10,"skipped":0,"pct":90.91}}
,"/harness/src/modules/10-common/hooks/useTelemetryInstance.ts": {"lines":{"total":7,"covered":5,"skipped":0,"pct":71.43},"functions":{"total":4,"covered":2,"skipped":0,"pct":50},"statements":{"total":10,"covered":5,"skipped":0,"pct":50},"branches":{"total":7,"covered":4,"skipped":0,"pct":57.14}}
,"/harness/src/modules/10-common/hooks/useUpdateLSDefaultExperience.ts": {"lines":{"total":7,"covered":6,"skipped":0,"pct":85.71},"functions":{"total":3,"covered":2,"skipped":0,"pct":66.67},"statements":{"total":10,"covered":6,"skipped":0,"pct":60},"branches":{"total":6,"covered":3,"skipped":0,"pct":50}}
,"/harness/src/modules/10-common/hooks/useUpdateQueryParams.ts": {"lines":{"total":8,"covered":8,"skipped":0,"pct":100},"functions":{"total":3,"covered":3,"skipped":0,"pct":100},"statements":{"total":12,"covered":8,"skipped":0,"pct":66.67},"branches":{"total":4,"covered":2,"skipped":0,"pct":50}}
,"/harness/src/modules/10-common/hooks/CommentModal/useCommentModal.tsx": {"lines":{"total":17,"covered":17,"skipped":0,"pct":100},"functions":{"total":8,"covered":8,"skipped":0,"pct":100},"statements":{"total":27,"covered":17,"skipped":0,"pct":62.96},"branches":{"total":24,"covered":17,"skipped":0,"pct":70.83}}
,"/harness/src/modules/10-common/interfaces/ConnectorsInterface.ts": {"lines":{"total":0,"covered":0,"skipped":0,"pct":0},"functions":{"total":0,"covered":0,"skipped":0,"pct":0},"statements":{"total":0,"covered":0,"skipped":0,"pct":0},"branches":{"total":0,"covered":0,"skipped":0,"pct":0}}
,"/harness/src/modules/10-common/interfaces/GitSyncInterface.ts": {"lines":{"total":1,"covered":1,"skipped":0,"pct":100},"functions":{"total":0,"covered":0,"skipped":0,"pct":100},"statements":{"total":1,"covered":1,"skipped":0,"pct":100},"branches":{"total":0,"covered":0,"skipped":0,"pct":100}}
,"/harness/src/modules/10-common/interfaces/RouteInterfaces.ts": {"lines":{"total":0,"covered":0,"skipped":0,"pct":0},"functions":{"total":0,"covered":0,"skipped":0,"pct":0},"statements":{"total":0,"covered":0,"skipped":0,"pct":0},"branches":{"total":0,"covered":0,"skipped":0,"pct":0}}
,"/harness/src/modules/10-common/interfaces/SecretsInterface.ts": {"lines":{"total":4,"covered":4,"skipped":0,"pct":100},"functions":{"total":1,"covered":1,"skipped":0,"pct":100},"statements":{"total":4,"covered":4,"skipped":0,"pct":100},"branches":{"total":2,"covered":2,"skipped":0,"pct":100}}
,"/harness/src/modules/10-common/interfaces/YAMLBuilderProps.ts": {"lines":{"total":0,"covered":0,"skipped":0,"pct":0},"functions":{"total":0,"covered":0,"skipped":0,"pct":0},"statements":{"total":0,"covered":0,"skipped":0,"pct":0},"branches":{"total":0,"covered":0,"skipped":0,"pct":0}}
,"/harness/src/modules/10-common/layouts/Constants.ts": {"lines":{"total":4,"covered":4,"skipped":0,"pct":100},"functions":{"total":1,"covered":1,"skipped":0,"pct":100},"statements":{"total":4,"covered":4,"skipped":0,"pct":100},"branches":{"total":2,"covered":2,"skipped":0,"pct":100}}
,"/harness/src/modules/10-common/layouts/DefaultLayout.tsx": {"lines":{"total":2,"covered":2,"skipped":0,"pct":100},"functions":{"total":1,"covered":1,"skipped":0,"pct":100},"statements":{"total":9,"covered":2,"skipped":0,"pct":22.22},"branches":{"total":0,"covered":0,"skipped":0,"pct":100}}
,"/harness/src/modules/10-common/layouts/EmptyLayout.tsx": {"lines":{"total":1,"covered":1,"skipped":0,"pct":100},"functions":{"total":1,"covered":1,"skipped":0,"pct":100},"statements":{"total":5,"covered":1,"skipped":0,"pct":20},"branches":{"total":0,"covered":0,"skipped":0,"pct":100}}
,"/harness/src/modules/10-common/layouts/FeatureBanner.tsx": {"lines":{"total":63,"covered":50,"skipped":0,"pct":79.37},"functions":{"total":21,"covered":10,"skipped":0,"pct":47.62},"statements":{"total":86,"covered":51,"skipped":0,"pct":59.3},"branches":{"total":63,"covered":44,"skipped":0,"pct":69.84}}
,"/harness/src/modules/10-common/layouts/MinimalLayout.tsx": {"lines":{"total":1,"covered":1,"skipped":0,"pct":100},"functions":{"total":1,"covered":1,"skipped":0,"pct":100},"statements":{"total":6,"covered":1,"skipped":0,"pct":16.67},"branches":{"total":0,"covered":0,"skipped":0,"pct":100}}
,"/harness/src/modules/10-common/layouts/index.ts": {"lines":{"total":3,"covered":3,"skipped":0,"pct":100},"functions":{"total":3,"covered":3,"skipped":0,"pct":100},"statements":{"total":6,"covered":6,"skipped":0,"pct":100},"branches":{"total":0,"covered":0,"skipped":0,"pct":100}}
,"/harness/src/modules/10-common/modals/ContactSales/useContactSalesMktoModal.tsx": {"lines":{"total":45,"covered":19,"skipped":0,"pct":42.22},"functions":{"total":12,"covered":1,"skipped":0,"pct":8.33},"statements":{"total":53,"covered":21,"skipped":0,"pct":39.62},"branches":{"total":80,"covered":0,"skipped":0,"pct":0}}
,"/harness/src/modules/10-common/modals/ContactSales/useContactSalesModal.tsx": {"lines":{"total":0,"covered":0,"skipped":0,"pct":0},"functions":{"total":5,"covered":0,"skipped":0,"pct":0},"statements":{"total":24,"covered":0,"skipped":0,"pct":0},"branches":{"total":8,"covered":3,"skipped":0,"pct":0}}
,"/harness/src/modules/10-common/modals/DefaultVersion/DefaultExperience.tsx": {"lines":{"total":20,"covered":20,"skipped":0,"pct":100},"functions":{"total":4,"covered":4,"skipped":0,"pct":100},"statements":{"total":33,"covered":20,"skipped":0,"pct":60.61},"branches":{"total":8,"covered":6,"skipped":0,"pct":75}}
,"/harness/src/modules/10-common/modals/DefaultVersion/views/DefaultExperienceForm.tsx": {"lines":{"total":14,"covered":14,"skipped":0,"pct":100},"functions":{"total":6,"covered":6,"skipped":0,"pct":100},"statements":{"total":20,"covered":14,"skipped":0,"pct":70},"branches":{"total":4,"covered":4,"skipped":0,"pct":100}}
,"/harness/src/modules/10-common/modals/ExtendTrial/ExtendTrialOrFeedbackForm.tsx": {"lines":{"total":21,"covered":20,"skipped":0,"pct":95.24},"functions":{"total":8,"covered":7,"skipped":0,"pct":87.5},"statements":{"total":28,"covered":20,"skipped":0,"pct":71.43},"branches":{"total":8,"covered":8,"skipped":0,"pct":100}}
,"/harness/src/modules/10-common/modals/ExtendTrial/useExtendTrialOrFeedbackModal.tsx": {"lines":{"total":20,"covered":18,"skipped":0,"pct":90},"functions":{"total":8,"covered":6,"skipped":0,"pct":75},"statements":{"total":32,"covered":18,"skipped":0,"pct":56.25},"branches":{"total":20,"covered":6,"skipped":0,"pct":30}}
,"/harness/src/modules/10-common/modals/GitDiffEditor/useGitDiffEditorDialog.tsx": {"lines":{"total":47,"covered":37,"skipped":0,"pct":78.72},"functions":{"total":10,"covered":5,"skipped":0,"pct":50},"statements":{"total":62,"covered":37,"skipped":0,"pct":59.68},"branches":{"total":78,"covered":36,"skipped":0,"pct":46.15}}
,"/harness/src/modules/10-common/modals/HarnessEnvironmentModal/HarnessEnvironmentModal.tsx": {"lines":{"total":41,"covered":41,"skipped":0,"pct":100},"functions":{"total":10,"covered":9,"skipped":0,"pct":90},"statements":{"total":56,"covered":41,"skipped":0,"pct":73.21},"branches":{"total":53,"covered":26,"skipped":0,"pct":49.06}}
,"/harness/src/modules/10-common/modals/HarnessEnvironmentModal/HarnessEnvironmentModal.types.ts": {"lines":{"total":0,"covered":0,"skipped":0,"pct":0},"functions":{"total":0,"covered":0,"skipped":0,"pct":0},"statements":{"total":0,"covered":0,"skipped":0,"pct":0},"branches":{"total":0,"covered":0,"skipped":0,"pct":0}}
,"/harness/src/modules/10-common/modals/HarnessServiceModal/HarnessServiceModal.tsx": {"lines":{"total":43,"covered":42,"skipped":0,"pct":97.67},"functions":{"total":10,"covered":9,"skipped":0,"pct":90},"statements":{"total":59,"covered":42,"skipped":0,"pct":71.19},"branches":{"total":52,"covered":26,"skipped":0,"pct":50}}
,"/harness/src/modules/10-common/modals/HarnessServiceModal/HarnessServiceModal.types.ts": {"lines":{"total":0,"covered":0,"skipped":0,"pct":0},"functions":{"total":0,"covered":0,"skipped":0,"pct":0},"statements":{"total":0,"covered":0,"skipped":0,"pct":0},"branches":{"total":0,"covered":0,"skipped":0,"pct":0}}
,"/harness/src/modules/10-common/modals/HarnessServiceModal/HarnessServiceModal.utils.ts": {"lines":{"total":2,"covered":2,"skipped":0,"pct":100},"functions":{"total":1,"covered":1,"skipped":0,"pct":100},"statements":{"total":3,"covered":2,"skipped":0,"pct":66.67},"branches":{"total":8,"covered":6,"skipped":0,"pct":75}}
,"/harness/src/modules/10-common/modals/ProgressOverlay/ProgressOverlay.tsx": {"lines":{"total":39,"covered":33,"skipped":0,"pct":84.62},"functions":{"total":6,"covered":5,"skipped":0,"pct":83.33},"statements":{"total":46,"covered":34,"skipped":0,"pct":73.91},"branches":{"total":49,"covered":38,"skipped":0,"pct":77.55}}
,"/harness/src/modules/10-common/modals/SaveToGitDialog/useSaveToGitDialog.tsx": {"lines":{"total":71,"covered":52,"skipped":0,"pct":73.24},"functions":{"total":15,"covered":7,"skipped":0,"pct":46.67},"statements":{"total":88,"covered":52,"skipped":0,"pct":59.09},"branches":{"total":135,"covered":52,"skipped":0,"pct":38.52}}
,"/harness/src/modules/10-common/modals/SelectUserGroups/useSelectUserGroupsModal.tsx": {"lines":{"total":13,"covered":13,"skipped":0,"pct":100},"functions":{"total":5,"covered":5,"skipped":0,"pct":100},"statements":{"total":20,"covered":13,"skipped":0,"pct":65},"branches":{"total":4,"covered":3,"skipped":0,"pct":75}}
,"/harness/src/modules/10-common/modals/StartTrial/StartTrialModal.tsx": {"lines":{"total":8,"covered":8,"skipped":0,"pct":100},"functions":{"total":4,"covered":2,"skipped":0,"pct":50},"statements":{"total":15,"covered":8,"skipped":0,"pct":53.33},"branches":{"total":4,"covered":0,"skipped":0,"pct":0}}
,"/harness/src/modules/10-common/modals/StartTrial/StartTrialModalContent.tsx": {"lines":{"total":41,"covered":40,"skipped":0,"pct":97.56},"functions":{"total":6,"covered":6,"skipped":0,"pct":100},"statements":{"total":53,"covered":40,"skipped":0,"pct":75.47},"branches":{"total":48,"covered":35,"skipped":0,"pct":72.92}}
,"/harness/src/modules/10-common/modals/SwitchAccount/SwitchAccount.tsx": {"lines":{"total":57,"covered":51,"skipped":0,"pct":89.47},"functions":{"total":18,"covered":17,"skipped":0,"pct":94.44},"statements":{"total":70,"covered":51,"skipped":0,"pct":72.86},"branches":{"total":62,"covered":46,"skipped":0,"pct":74.19}}
,"/harness/src/modules/10-common/modals/SwitchAccount/useSwitchAccountModal.tsx": {"lines":{"total":10,"covered":10,"skipped":0,"pct":100},"functions":{"total":4,"covered":3,"skipped":0,"pct":75},"statements":{"total":18,"covered":10,"skipped":0,"pct":55.56},"branches":{"total":0,"covered":0,"skipped":0,"pct":100}}
,"/harness/src/modules/10-common/navigation/SidebarProvider.tsx": {"lines":{"total":5,"covered":5,"skipped":0,"pct":100},"functions":{"total":3,"covered":3,"skipped":0,"pct":100},"statements":{"total":8,"covered":5,"skipped":0,"pct":62.5},"branches":{"total":0,"covered":0,"skipped":0,"pct":100}}
,"/harness/src/modules/10-common/navigation/AdminSelector/AdminSelector.i18n.ts": {"lines":{"total":1,"covered":1,"skipped":0,"pct":100},"functions":{"total":0,"covered":0,"skipped":0,"pct":100},"statements":{"total":1,"covered":1,"skipped":0,"pct":100},"branches":{"total":0,"covered":0,"skipped":0,"pct":100}}
,"/harness/src/modules/10-common/navigation/AdminSelector/AdminSelector.tsx": {"lines":{"total":9,"covered":7,"skipped":0,"pct":77.78},"functions":{"total":4,"covered":0,"skipped":0,"pct":0},"statements":{"total":19,"covered":8,"skipped":0,"pct":42.11},"branches":{"total":6,"covered":0,"skipped":0,"pct":0}}
,"/harness/src/modules/10-common/navigation/MainNav/MainNav.tsx": {"lines":{"total":5,"covered":5,"skipped":0,"pct":100},"functions":{"total":1,"covered":1,"skipped":0,"pct":100},"statements":{"total":15,"covered":5,"skipped":0,"pct":33.33},"branches":{"total":14,"covered":14,"skipped":0,"pct":100}}
,"/harness/src/modules/10-common/navigation/MainNav/index.tsx": {"lines":{"total":2,"covered":2,"skipped":0,"pct":100},"functions":{"total":0,"covered":0,"skipped":0,"pct":100},"statements":{"total":2,"covered":2,"skipped":0,"pct":100},"branches":{"total":0,"covered":0,"skipped":0,"pct":100}}
[...]
,"/harness/src/modules/85-cv/pages/slos/CVSLOsListingPage.constants.ts": {"lines":{"total":11,"covered":11,"skipped":0,"pct":100},"functions":{"total":1,"covered":1,"skipped":0,"pct":100},"statements":{"total":11,"covered":11,"skipped":0,"pct":100},"branches":{"total":2,"covered":2,"skipped":0,"pct":100}}
,"/harness/src/modules/85-cv/pages/slos/CVSLOsListingPage.tsx": {"lines":{"total":60,"covered":56,"skipped":0,"pct":93.33},"functions":{"total":16,"covered":15,"skipped":0,"pct":93.75},"statements":{"total":82,"covered":57,"skipped":0,"pct":69.51},"branches":{"total":118,"covered":115,"skipped":0,"pct":97.46}}
,"/harness/src/modules/85-cv/pages/slos/CVSLOsListingPage.types.ts": {"lines":{"total":3,"covered":3,"skipped":0,"pct":100},"functions":{"total":1,"covered":1,"skipped":0,"pct":100},"statements":{"total":3,"covered":3,"skipped":0,"pct":100},"branches":{"total":2,"covered":2,"skipped":0,"pct":100}}
,"/harness/src/modules/85-cv/pages/slos/SLOCard/ErrorBudgetGauge.tsx": {"lines":{"total":6,"covered":6,"skipped":0,"pct":100},"functions":{"total":3,"covered":3,"skipped":0,"pct":100},"statements":{"total":16,"covered":8,"skipped":0,"pct":50},"branches":{"total":0,"covered":0,"skipped":0,"pct":100}}
,"/harness/src/modules/85-cv/pages/slos/SLOCard/SLOCardContent.tsx": {"lines":{"total":17,"covered":17,"skipped":0,"pct":100},"functions":{"total":5,"covered":5,"skipped":0,"pct":100},"statements":{"total":29,"covered":17,"skipped":0,"pct":58.62},"branches":{"total":36,"covered":28,"skipped":0,"pct":77.78}}
,"/harness/src/modules/85-cv/pages/slos/SLOCard/SLOCardHeader.tsx": {"lines":{"total":22,"covered":22,"skipped":0,"pct":100},"functions":{"total":7,"covered":7,"skipped":0,"pct":100},"statements":{"total":37,"covered":22,"skipped":0,"pct":59.46},"branches":{"total":20,"covered":14,"skipped":0,"pct":70}}
,"/harness/src/modules/85-cv/pages/slos/components/CVCreateSLO/CVCreateSLO.constants.ts": {"lines":{"total":25,"covered":25,"skipped":0,"pct":100},"functions":{"total":14,"covered":14,"skipped":0,"pct":100},"statements":{"total":32,"covered":25,"skipped":0,"pct":78.13},"branches":{"total":4,"covered":4,"skipped":0,"pct":100}}
,"/harness/src/modules/85-cv/pages/slos/components/CVCreateSLO/CVCreateSLO.tsx": {"lines":{"total":52,"covered":50,"skipped":0,"pct":96.15},"functions":{"total":10,"covered":9,"skipped":0,"pct":90},"statements":{"total":68,"covered":50,"skipped":0,"pct":73.53},"branches":{"total":40,"covered":36,"skipped":0,"pct":90}}
,"/harness/src/modules/85-cv/pages/slos/components/CVCreateSLO/CVCreateSLO.types.ts": {"lines":{"total":59,"covered":59,"skipped":0,"pct":100},"functions":{"total":10,"covered":10,"skipped":0,"pct":100},"statements":{"total":59,"covered":59,"skipped":0,"pct":100},"branches":{"total":20,"covered":20,"skipped":0,"pct":100}}
,"/harness/src/modules/85-cv/pages/slos/components/CVCreateSLO/CVCreateSLO.utils.ts": {"lines":{"total":104,"covered":104,"skipped":0,"pct":100},"functions":{"total":28,"covered":28,"skipped":0,"pct":100},"statements":{"total":127,"covered":104,"skipped":0,"pct":81.89},"branches":{"total":230,"covered":199,"skipped":0,"pct":86.52}}
,"/harness/src/modules/85-cv/pages/slos/components/CVCreateSLO/CVSLOsListingPage.utils.ts": {"lines":{"total":0,"covered":0,"skipped":0,"pct":0},"functions":{"total":2,"covered":0,"skipped":0,"pct":0},"statements":{"total":4,"covered":0,"skipped":0,"pct":0},"branches":{"total":8,"covered":0,"skipped":0,"pct":0}}
,"/harness/src/modules/85-cv/pages/slos/components/CVCreateSLO/components/CreateSLOForm/CreateSLO.constants.ts": {"lines":{"total":0,"covered":0,"skipped":0,"pct":0},"functions":{"total":1,"covered":0,"skipped":0,"pct":0},"statements":{"total":8,"covered":0,"skipped":0,"pct":0},"branches":{"total":2,"covered":2,"skipped":0,"pct":0}}
,"/harness/src/modules/85-cv/pages/slos/components/CVCreateSLO/components/CreateSLOForm/CreateSLO.types.ts": {"lines":{"total":0,"covered":0,"skipped":0,"pct":0},"functions":{"total":0,"covered":0,"skipped":0,"pct":0},"statements":{"total":0,"covered":0,"skipped":0,"pct":0},"branches":{"total":0,"covered":0,"skipped":0,"pct":0}}
,"/harness/src/modules/85-cv/pages/slos/components/CVCreateSLO/components/CreateSLOForm/CreateSLO.utils.ts": {"lines":{"total":0,"covered":0,"skipped":0,"pct":0},"functions":{"total":1,"covered":0,"skipped":0,"pct":0},"statements":{"total":21,"covered":0,"skipped":0,"pct":0},"branches":{"total":13,"covered":0,"skipped":0,"pct":0}}
,"/harness/src/modules/85-cv/pages/slos/components/CVCreateSLO/components/CreateSLOForm/CreateSLOForm.tsx": {"lines":{"total":27,"covered":26,"skipped":0,"pct":96.3},"functions":{"total":9,"covered":7,"skipped":0,"pct":77.78},"statements":{"total":45,"covered":26,"skipped":0,"pct":57.78},"branches":{"total":8,"covered":8,"skipped":0,"pct":100}}
,"/harness/src/modules/85-cv/pages/slos/components/CVCreateSLO/components/CreateSLOForm/components/SLI/SLI.constants.ts": {"lines":{"total":8,"covered":8,"skipped":0,"pct":100},"functions":{"total":2,"covered":2,"skipped":0,"pct":100},"statements":{"total":9,"covered":8,"skipped":0,"pct":88.89},"branches":{"total":4,"covered":4,"skipped":0,"pct":100}}
,"/harness/src/modules/85-cv/pages/slos/components/CVCreateSLO/components/CreateSLOForm/components/SLI/SLI.tsx": {"lines":{"total":25,"covered":25,"skipped":0,"pct":100},"functions":{"total":9,"covered":9,"skipped":0,"pct":100},"statements":{"total":40,"covered":26,"skipped":0,"pct":65},"branches":{"total":26,"covered":23,"skipped":0,"pct":88.46}}
,"/harness/src/modules/85-cv/pages/slos/components/CVCreateSLO/components/CreateSLOForm/components/SLI/SLI.types.ts": {"lines":{"total":5,"covered":5,"skipped":0,"pct":100},"functions":{"total":1,"covered":1,"skipped":0,"pct":100},"statements":{"total":5,"covered":5,"skipped":0,"pct":100},"branches":{"total":2,"covered":2,"skipped":0,"pct":100}}
,"/harness/src/modules/85-cv/pages/slos/components/CVCreateSLO/components/CreateSLOForm/components/SLI/SLI.utils.ts": {"lines":{"total":23,"covered":17,"skipped":0,"pct":73.91},"functions":{"total":12,"covered":2,"skipped":0,"pct":16.67},"statements":{"total":36,"covered":18,"skipped":0,"pct":50},"branches":{"total":80,"covered":16,"skipped":0,"pct":20}}
,"/harness/src/modules/85-cv/pages/slos/components/CVCreateSLO/components/CreateSLOForm/components/SLI/components/SLIContextualHelpText.tsx": {"lines":{"total":3,"covered":3,"skipped":0,"pct":100},"functions":{"total":1,"covered":1,"skipped":0,"pct":100},"statements":{"total":8,"covered":3,"skipped":0,"pct":37.5},"branches":{"total":0,"covered":0,"skipped":0,"pct":100}}
,"/harness/src/modules/85-cv/pages/slos/components/CVCreateSLO/components/CreateSLOForm/components/SLI/views/PickMetric.tsx": {"lines":{"total":26,"covered":26,"skipped":0,"pct":100},"functions":{"total":11,"covered":11,"skipped":0,"pct":100},"statements":{"total":41,"covered":28,"skipped":0,"pct":68.29},"branches":{"total":32,"covered":31,"skipped":0,"pct":96.88}}
,"/harness/src/modules/85-cv/pages/slos/components/CVCreateSLO/components/CreateSLOForm/components/SLOName/SLOName.tsx": {"lines":{"total":24,"covered":23,"skipped":0,"pct":95.83},"functions":{"total":8,"covered":6,"skipped":0,"pct":75},"statements":{"total":39,"covered":25,"skipped":0,"pct":64.1},"branches":{"total":28,"covered":16,"skipped":0,"pct":57.14}}
,"/harness/src/modules/85-cv/pages/slos/components/CVCreateSLO/components/CreateSLOForm/components/SLOName/SLOName.types.ts": {"lines":{"total":0,"covered":0,"skipped":0,"pct":0},"functions":{"total":0,"covered":0,"skipped":0,"pct":0},"statements":{"total":0,"covered":0,"skipped":0,"pct":0},"branches":{"total":0,"covered":0,"skipped":0,"pct":0}}
,"/harness/src/modules/85-cv/pages/slos/components/CVCreateSLO/components/CreateSLOForm/components/SLOName/SLOName.utils.ts": {"lines":{"total":0,"covered":0,"skipped":0,"pct":0},"functions":{"total":2,"covered":0,"skipped":0,"pct":0},"statements":{"total":3,"covered":0,"skipped":0,"pct":0},"branches":{"total":30,"covered":0,"skipped":0,"pct":0}}
,"/harness/src/modules/85-cv/pages/slos/components/CVCreateSLO/components/CreateSLOForm/components/SLOTargetAndBudgetPolicy/SLOTargetAndBudgetPolicy.constants.ts": {"lines":{"total":0,"covered":0,"skipped":0,"pct":0},"functions":{"total":1,"covered":0,"skipped":0,"pct":0},"statements":{"total":4,"covered":0,"skipped":0,"pct":0},"branches":{"total":2,"covered":2,"skipped":0,"pct":0}}
,"/harness/src/modules/85-cv/pages/slos/components/CVCreateSLO/components/CreateSLOForm/components/SLOTargetAndBudgetPolicy/SLOTargetAndBudgetPolicy.tsx": {"lines":{"total":5,"covered":5,"skipped":0,"pct":100},"functions":{"total":1,"covered":1,"skipped":0,"pct":100},"statements":{"total":14,"covered":5,"skipped":0,"pct":35.71},"branches":{"total":6,"covered":6,"skipped":0,"pct":100}}
,"/harness/src/modules/85-cv/pages/slos/components/CVCreateSLO/components/CreateSLOForm/components/SLOTargetAndBudgetPolicy/SLOTargetAndBudgetPolicy.types.ts": {"lines":{"total":0,"covered":0,"skipped":0,"pct":0},"functions":{"total":0,"covered":0,"skipped":0,"pct":0},"statements":{"total":0,"covered":0,"skipped":0,"pct":0},"branches":{"total":0,"covered":0,"skipped":0,"pct":0}}
,"/harness/src/modules/85-cv/pages/slos/components/CVCreateSLO/components/CreateSLOForm/components/SLOTargetAndBudgetPolicy/SLOTargetAndBudgetPolicy.utils.ts": {"lines":{"total":0,"covered":0,"skipped":0,"pct":0},"functions":{"total":4,"covered":0,"skipped":0,"pct":0},"statements":{"total":21,"covered":0,"skipped":0,"pct":0},"branches":{"total":32,"covered":0,"skipped":0,"pct":0}}
,"/harness/src/modules/85-cv/pages/slos/components/CVCreateSLO/components/CreateSLOForm/components/SLOTargetAndBudgetPolicy/components/SLOTargetContextualHelpText.tsx": {"lines":{"total":3,"covered":3,"skipped":0,"pct":100},"functions":{"total":1,"covered":1,"skipped":0,"pct":100},"statements":{"total":8,"covered":3,"skipped":0,"pct":37.5},"branches":{"total":0,"covered":0,"skipped":0,"pct":100}}
,"/harness/src/modules/85-cv/pages/slos/components/CVCreateSLO/components/NavButtons/NavButtons.tsx": {"lines":{"total":0,"covered":0,"skipped":0,"pct":0},"functions":{"total":3,"covered":0,"skipped":0,"pct":0},"statements":{"total":13,"covered":0,"skipped":0,"pct":0},"branches":{"total":6,"covered":1,"skipped":0,"pct":0}}
,"/harness/src/modules/85-cv/pages/slos/components/CVCreateSLO/components/NavButtons/NavButtons.types.ts": {"lines":{"total":0,"covered":0,"skipped":0,"pct":0},"functions":{"total":0,"covered":0,"skipped":0,"pct":0},"statements":{"total":0,"covered":0,"skipped":0,"pct":0},"branches":{"total":0,"covered":0,"skipped":0,"pct":0}}
,"/harness/src/modules/85-cv/pages/slos/components/SLOCardSelect/SLOCardSelect.tsx": {"lines":{"total":2,"covered":2,"skipped":0,"pct":100},"functions":{"total":1,"covered":1,"skipped":0,"pct":100},"statements":{"total":5,"covered":2,"skipped":0,"pct":40},"branches":{"total":0,"covered":0,"skipped":0,"pct":100}}
,"/harness/src/modules/85-cv/pages/slos/components/SLODashbordFilters/SLODashboardFilters.types.ts": {"lines":{"total":0,"covered":0,"skipped":0,"pct":0},"functions":{"total":0,"covered":0,"skipped":0,"pct":0},"statements":{"total":0,"covered":0,"skipped":0,"pct":0},"branches":{"total":0,"covered":0,"skipped":0,"pct":0}}
,"/harness/src/modules/85-cv/pages/slos/components/SLODashbordFilters/SLODashbordFilters.tsx": {"lines":{"total":15,"covered":15,"skipped":0,"pct":100},"functions":{"total":9,"covered":8,"skipped":0,"pct":88.89},"statements":{"total":23,"covered":16,"skipped":0,"pct":69.57},"branches":{"total":48,"covered":40,"skipped":0,"pct":83.33}}
,"/harness/src/modules/85-cv/pages/slos/components/SLOTargetChart/SLOTargetChart.tsx": {"lines":{"total":27,"covered":27,"skipped":0,"pct":100},"functions":{"total":8,"covered":7,"skipped":0,"pct":87.5},"statements":{"total":39,"covered":29,"skipped":0,"pct":74.36},"branches":{"total":43,"covered":36,"skipped":0,"pct":83.72}}
,"/harness/src/modules/85-cv/pages/slos/components/SLOTargetChart/SLOTargetChart.types.ts": {"lines":{"total":0,"covered":0,"skipped":0,"pct":0},"functions":{"total":0,"covered":0,"skipped":0,"pct":0},"statements":{"total":0,"covered":0,"skipped":0,"pct":0},"branches":{"total":0,"covered":0,"skipped":0,"pct":0}}
,"/harness/src/modules/85-cv/pages/slos/components/SLOTargetChart/SLOTargetChart.utils.ts": {"lines":{"total":16,"covered":16,"skipped":0,"pct":100},"functions":{"total":7,"covered":6,"skipped":0,"pct":85.71},"statements":{"total":25,"covered":20,"skipped":0,"pct":80},"branches":{"total":16,"covered":16,"skipped":0,"pct":100}}
,"/harness/src/modules/85-cv/utils/CommonUtils.ts": {"lines":{"total":62,"covered":59,"skipped":0,"pct":95.16},"functions":{"total":13,"covered":11,"skipped":0,"pct":84.62},"statements":{"total":74,"covered":60,"skipped":0,"pct":81.08},"branches":{"total":99,"covered":66,"skipped":0,"pct":66.67}}
,"/harness/src/modules/85-cv/utils/HighchartCustomTooltip.tsx": {"lines":{"total":0,"covered":0,"skipped":0,"pct":0},"functions":{"total":4,"covered":0,"skipped":0,"pct":0},"statements":{"total":20,"covered":0,"skipped":0,"pct":0},"branches":{"total":20,"covered":0,"skipped":0,"pct":0}}
,"/harness/src/modules/85-cv/utils/SyncStepDataValues.tsx": {"lines":{"total":0,"covered":0,"skipped":0,"pct":0},"functions":{"total":3,"covered":0,"skipped":0,"pct":0},"statements":{"total":9,"covered":0,"skipped":0,"pct":0},"branches":{"total":0,"covered":0,"skipped":0,"pct":0}}
,"/harness/src/modules/85-cv/utils/routeUtils.ts": {"lines":{"total":19,"covered":13,"skipped":0,"pct":68.42},"functions":{"total":4,"covered":4,"skipped":0,"pct":100},"statements":{"total":23,"covered":13,"skipped":0,"pct":56.52},"branches":{"total":46,"covered":29,"skipped":0,"pct":63.04}}
,"/harness/src/services/config.ts": {"lines":{"total":44,"covered":39,"skipped":0,"pct":88.64},"functions":{"total":7,"covered":7,"skipped":0,"pct":100},"statements":{"total":46,"covered":39,"skipped":0,"pct":84.78},"branches":{"total":47,"covered":34,"skipped":0,"pct":72.34}}
,"/harness/src/services/audit/index.tsx": {"lines":{"total":194,"covered":94,"skipped":0,"pct":48.45},"functions":{"total":100,"covered":0,"skipped":0,"pct":0},"statements":{"total":194,"covered":94,"skipped":0,"pct":48.45},"branches":{"total":0,"covered":0,"skipped":0,"pct":100}}
,"/harness/src/services/cd-ng/index.tsx": {"lines":{"total":2110,"covered":1061,"skipped":0,"pct":50.28},"functions":{"total":1095,"covered":46,"skipped":0,"pct":4.2},"statements":{"total":2110,"covered":1061,"skipped":0,"pct":50.28},"branches":{"total":0,"covered":0,"skipped":0,"pct":100}}
,"/harness/src/services/ce/index.tsx": {"lines":{"total":194,"covered":93,"skipped":0,"pct":47.94},"functions":{"total":101,"covered":0,"skipped":0,"pct":0},"statements":{"total":194,"covered":93,"skipped":0,"pct":47.94},"branches":{"total":0,"covered":0,"skipped":0,"pct":100}}
,"/harness/src/services/ce/recommenderService.tsx": {"lines":{"total":15,"covered":7,"skipped":0,"pct":46.67},"functions":{"total":8,"covered":0,"skipped":0,"pct":0},"statements":{"total":15,"covered":7,"skipped":0,"pct":46.67},"branches":{"total":0,"covered":0,"skipped":0,"pct":100}}
,"/harness/src/services/ce/services.ts": {"lines":{"total":153,"covered":127,"skipped":0,"pct":83.01},"functions":{"total":46,"covered":20,"skipped":0,"pct":43.48},"statements":{"total":153,"covered":127,"skipped":0,"pct":83.01},"branches":{"total":66,"covered":40,"skipped":0,"pct":60.61}}
,"/harness/src/services/cf/index.tsx": {"lines":{"total":324,"covered":151,"skipped":0,"pct":46.6},"functions":{"total":173,"covered":0,"skipped":0,"pct":0},"statements":{"total":324,"covered":151,"skipped":0,"pct":46.6},"branches":{"total":0,"covered":0,"skipped":0,"pct":100}}
,"/harness/src/services/ci/index.tsx": {"lines":{"total":61,"covered":31,"skipped":0,"pct":50.82},"functions":{"total":30,"covered":0,"skipped":0,"pct":0},"statements":{"total":61,"covered":31,"skipped":0,"pct":50.82},"branches":{"total":0,"covered":0,"skipped":0,"pct":100}}
,"/harness/src/services/common/services.ts": {"lines":{"total":60,"covered":59,"skipped":0,"pct":98.33},"functions":{"total":13,"covered":12,"skipped":0,"pct":92.31},"statements":{"total":60,"covered":59,"skipped":0,"pct":98.33},"branches":{"total":25,"covered":24,"skipped":0,"pct":96}}
,"/harness/src/services/cv/index.tsx": {"lines":{"total":668,"covered":372,"skipped":0,"pct":55.69},"functions":{"total":349,"covered":53,"skipped":0,"pct":15.19},"statements":{"total":668,"covered":372,"skipped":0,"pct":55.69},"branches":{"total":0,"covered":0,"skipped":0,"pct":100}}
,"/harness/src/services/dashboard-service/index.tsx": {"lines":{"total":25,"covered":14,"skipped":0,"pct":56},"functions":{"total":12,"covered":1,"skipped":0,"pct":8.33},"statements":{"total":25,"covered":14,"skipped":0,"pct":56},"branches":{"total":0,"covered":0,"skipped":0,"pct":100}}
,"/harness/src/services/logs/index.tsx": {"lines":{"total":18,"covered":9,"skipped":0,"pct":50},"functions":{"total":9,"covered":0,"skipped":0,"pct":0},"statements":{"total":18,"covered":9,"skipped":0,"pct":50},"branches":{"total":0,"covered":0,"skipped":0,"pct":100}}
,"/harness/src/services/lw/index.tsx": {"lines":{"total":225,"covered":91,"skipped":0,"pct":40.44},"functions":{"total":134,"covered":0,"skipped":0,"pct":0},"statements":{"total":225,"covered":91,"skipped":0,"pct":40.44},"branches":{"total":0,"covered":0,"skipped":0,"pct":100}}
,"/harness/src/services/notifications/index.tsx": {"lines":{"total":36,"covered":19,"skipped":0,"pct":52.78},"functions":{"total":18,"covered":1,"skipped":0,"pct":5.56},"statements":{"total":36,"covered":19,"skipped":0,"pct":52.78},"branches":{"total":0,"covered":0,"skipped":0,"pct":100}}
,"/harness/src/services/pipeline-ng/index.tsx": {"lines":{"total":613,"covered":326,"skipped":0,"pct":53.18},"functions":{"total":324,"covered":37,"skipped":0,"pct":11.42},"statements":{"total":613,"covered":326,"skipped":0,"pct":53.18},"branches":{"total":0,"covered":0,"skipped":0,"pct":100}}
,"/harness/src/services/pm/index.tsx": {"lines":{"total":0,"covered":0,"skipped":0,"pct":0},"functions":{"total":0,"covered":0,"skipped":0,"pct":0},"statements":{"total":0,"covered":0,"skipped":0,"pct":0},"branches":{"total":0,"covered":0,"skipped":0,"pct":0}}
,"/harness/src/services/portal/index.tsx": {"lines":{"total":328,"covered":164,"skipped":0,"pct":50},"functions":{"total":168,"covered":4,"skipped":0,"pct":2.38},"statements":{"total":328,"covered":164,"skipped":0,"pct":50},"branches":{"total":0,"covered":0,"skipped":0,"pct":100}}
,"/harness/src/services/rbac/index.tsx": {"lines":{"total":100,"covered":50,"skipped":0,"pct":50},"functions":{"total":51,"covered":1,"skipped":0,"pct":1.96},"statements":{"total":100,"covered":50,"skipped":0,"pct":50},"branches":{"total":0,"covered":0,"skipped":0,"pct":100}}
,"/harness/src/services/resourcegroups/index.tsx": {"lines":{"total":45,"covered":22,"skipped":0,"pct":48.89},"functions":{"total":23,"covered":0,"skipped":0,"pct":0},"statements":{"total":45,"covered":22,"skipped":0,"pct":48.89},"branches":{"total":0,"covered":0,"skipped":0,"pct":100}}
,"/harness/src/services/template-ng/index.tsx": {"lines":{"total":110,"covered":53,"skipped":0,"pct":48.18},"functions":{"total":58,"covered":1,"skipped":0,"pct":1.72},"statements":{"total":110,"covered":53,"skipped":0,"pct":48.18},"branches":{"total":0,"covered":0,"skipped":0,"pct":100}}
,"/harness/src/services/ti-service/index.tsx": {"lines":{"total":33,"covered":17,"skipped":0,"pct":51.52},"functions":{"total":16,"covered":0,"skipped":0,"pct":0},"statements":{"total":33,"covered":17,"skipped":0,"pct":51.52},"branches":{"total":0,"covered":0,"skipped":0,"pct":100}}
,"/harness/src/strings/languageLoader.ts": {"lines":{"total":3,"covered":2,"skipped":0,"pct":66.67},"functions":{"total":3,"covered":1,"skipped":0,"pct":33.33},"statements":{"total":4,"covered":2,"skipped":0,"pct":50},"branches":{"total":6,"covered":5,"skipped":0,"pct":83.33}}
}
